<?xml version="1.0" encoding="UTF-8"?>
<testsuite xmlns:xsi="http://www.w3.org/2001/XMLSchema-instance" xsi:noNamespaceSchemaLocation="https://maven.apache.org/surefire/maven-surefire-plugin/xsd/surefire-test-report-3.0.xsd" version="3.0" name="com.webshop.main.WebShopApplicationTests" time="12.285" tests="1" errors="0" skipped="0" failures="0">
  <properties>
[...]
</properties>
  <testcase name="contextLoads" classname="com.webshop.main.WebShopApplicationTests" time="1.084">
    <system-out><![CDATA[13:23:23.248 [main] INFO org.springframework.test.context.support.AnnotationConfigContextLoaderUtils -- Could not detect default configuration classes for test class [com.webshop.main.WebShopApplicationTests]: WebShopApplicationTests does not declare any static, non-private, non-final, nested classes annotated with @Configuration.
13:23:23.438 [main] INFO org.springframework.boot.test.context.SpringBootTestContextBootstrapper -- Found @SpringBootConfiguration com.webshop.main.WebShopApplication for test class com.webshop.main.WebShopApplicationTests
13:23:23.787 [main] INFO org.springframework.boot.devtools.restart.RestartApplicationListener -- Restart disabled due to context in which it is running

  .   ____          _            __ _ _
 /\\ / ___'_ __ _ _(_)_ __  __ _ \ \ \ \
( ( )\___ | '_ | '_| | '_ \/ _` | \ \ \ \
 \\/  ___)| |_)| | | | | || (_| |  ) ) ) )
  '  |____| .__|_| |_|_| |_\__, | / / / /
 =========|_|==============|___/=/_/_/_/

 :: Spring Boot ::                (v3.3.2)

2024-08-26T13:23:24.250+02:00 DEBUG 10764 --- [web-shop] [kground-preinit] o.h.v.i.xml.config.ValidationXmlParser   : Trying to load META-INF/validation.xml for XML based Validator configuration.
2024-08-26T13:23:24.256+02:00 DEBUG 10764 --- [web-shop] [kground-preinit] o.h.v.i.xml.config.ResourceLoaderHelper  : Trying to load META-INF/validation.xml via TCCL
2024-08-26T13:23:24.257+02:00 DEBUG 10764 --- [web-shop] [kground-preinit] o.h.v.i.xml.config.ResourceLoaderHelper  : Trying to load META-INF/validation.xml via Hibernate Validator's class loader
2024-08-26T13:23:24.258+02:00 DEBUG 10764 --- [web-shop] [kground-preinit] o.h.v.i.xml.config.ValidationXmlParser   : No META-INF/validation.xml found. Using annotation based configuration only.
2024-08-26T13:23:24.274+02:00 DEBUG 10764 --- [web-shop] [kground-preinit] o.h.v.i.e.resolver.TraversableResolvers  : Found jakarta.persistence.Persistence on classpath containing 'getPersistenceUtil'. Assuming JPA 2 environment. Trying to instantiate JPA aware TraversableResolver
2024-08-26T13:23:24.275+02:00 DEBUG 10764 --- [web-shop] [kground-preinit] o.h.v.i.e.resolver.TraversableResolvers  : Instantiated JPA aware TraversableResolver of type org.hibernate.validator.internal.engine.resolver.JPATraversableResolver.
2024-08-26T13:23:24.291+02:00  INFO 10764 --- [web-shop] [           main] c.webshop.main.WebShopApplicationTests   : Starting WebShopApplicationTests using Java 17.0.10 with PID 10764 (started by Thinkpad in C:\Users\Thinkpad\Desktop\Faks\SpringBoot\web-shop-springboot)
2024-08-26T13:23:24.296+02:00  INFO 10764 --- [web-shop] [           main] c.webshop.main.WebShopApplicationTests   : No active profile set, falling back to 1 default profile: "default"
2024-08-26T13:23:24.327+02:00 DEBUG 10764 --- [web-shop] [kground-preinit] .h.v.m.ResourceBundleMessageInterpolator : Loaded expression factory via original TCCL
2024-08-26T13:23:24.603+02:00 DEBUG 10764 --- [web-shop] [kground-preinit] .i.e.ValidatorFactoryConfigurationHelper : HV000252: Using org.hibernate.validator.internal.engine.DefaultPropertyNodeNameProvider as property node name provider.
2024-08-26T13:23:24.612+02:00 DEBUG 10764 --- [web-shop] [kground-preinit] .i.e.ValidatorFactoryConfigurationHelper : HV000234: Using org.hibernate.validator.messageinterpolation.ResourceBundleMessageInterpolator as ValidatorFactory-scoped message interpolator.
2024-08-26T13:23:24.613+02:00 DEBUG 10764 --- [web-shop] [kground-preinit] .i.e.ValidatorFactoryConfigurationHelper : HV000234: Using org.hibernate.validator.internal.engine.resolver.JPATraversableResolver as ValidatorFactory-scoped traversable resolver.
2024-08-26T13:23:24.613+02:00 DEBUG 10764 --- [web-shop] [kground-preinit] .i.e.ValidatorFactoryConfigurationHelper : HV000234: Using org.hibernate.validator.internal.util.ExecutableParameterNameProvider as ValidatorFactory-scoped parameter name provider.
2024-08-26T13:23:24.614+02:00 DEBUG 10764 --- [web-shop] [kground-preinit] .i.e.ValidatorFactoryConfigurationHelper : HV000234: Using org.hibernate.validator.internal.engine.DefaultClockProvider as ValidatorFactory-scoped clock provider.
2024-08-26T13:23:24.614+02:00 DEBUG 10764 --- [web-shop] [kground-preinit] .i.e.ValidatorFactoryConfigurationHelper : HV000234: Using org.hibernate.validator.internal.engine.scripting.DefaultScriptEvaluatorFactory as ValidatorFactory-scoped script evaluator factory.
2024-08-26T13:23:26.333+02:00  INFO 10764 --- [web-shop] [           main] .s.d.r.c.RepositoryConfigurationDelegate : Bootstrapping Spring Data JPA repositories in DEFAULT mode.
2024-08-26T13:23:26.556+02:00  INFO 10764 --- [web-shop] [           main] .s.d.r.c.RepositoryConfigurationDelegate : Finished Spring Data repository scanning in 207 ms. Found 9 JPA repository interfaces.
2024-08-26T13:23:27.569+02:00 DEBUG 10764 --- [web-shop] [           main] o.hibernate.jpa.internal.util.LogHelper  : PersistenceUnitInfo [
	name: default
	persistence provider classname: null
	classloader: jdk.internal.loader.ClassLoaders$AppClassLoader@28c97a5
	excludeUnlistedClasses: true
	JTA datasource: null
	Non JTA datasource: HikariDataSource (null)
	Transaction type: RESOURCE_LOCAL
	PU root URL: file:/C:/Users/Thinkpad/Desktop/Faks/SpringBoot/web-shop-springboot/target/test-classes/
	Shared Cache Mode: UNSPECIFIED
	Validation Mode: AUTO
	Jar files URLs []
	Managed classes names [
		com.webshop.main.models.CartItem
		com.webshop.main.models.Order
		com.webshop.main.models.OrdererInfo
		com.webshop.main.models.OrderItem
		com.webshop.main.models.Product
		com.webshop.main.models.Review
		com.webshop.main.models.Role
		com.webshop.main.models.ShoppingCart
		com.webshop.main.models.UserEntity]
	Mapping files names []
	Properties []
2024-08-26T13:23:27.606+02:00 DEBUG 10764 --- [web-shop] [           main] o.h.i.internal.IntegratorServiceImpl     : Adding Integrator [org.hibernate.boot.beanvalidation.BeanValidationIntegrator].
2024-08-26T13:23:27.609+02:00 DEBUG 10764 --- [web-shop] [           main] o.h.i.internal.IntegratorServiceImpl     : Adding Integrator [org.hibernate.cache.internal.CollectionCacheInvalidator].
2024-08-26T13:23:27.717+02:00  INFO 10764 --- [web-shop] [           main] org.hibernate.Version                    : HHH000412: Hibernate ORM core version 6.2.7.Final
2024-08-26T13:23:27.721+02:00 DEBUG 10764 --- [web-shop] [           main] org.hibernate.cfg.Environment            : HHH000206: hibernate.properties not found
2024-08-26T13:23:27.724+02:00  INFO 10764 --- [web-shop] [           main] org.hibernate.cfg.Environment            : HHH000406: Using bytecode reflection optimizer
2024-08-26T13:23:27.800+02:00 DEBUG 10764 --- [web-shop] [           main] org.hibernate.orm.idgen.factory          : Registering IdentifierGenerator strategy [uuid2] -> [org.hibernate.id.UUIDGenerator]
2024-08-26T13:23:27.801+02:00 DEBUG 10764 --- [web-shop] [           main] org.hibernate.orm.idgen.factory          : Registering IdentifierGenerator strategy [guid] -> [org.hibernate.id.GUIDGenerator]
2024-08-26T13:23:27.803+02:00 DEBUG 10764 --- [web-shop] [           main] org.hibernate.orm.idgen.factory          : Registering IdentifierGenerator strategy [uuid] -> [org.hibernate.id.UUIDHexGenerator]
2024-08-26T13:23:27.803+02:00 DEBUG 10764 --- [web-shop] [           main] org.hibernate.orm.idgen.factory          : Registering IdentifierGenerator strategy [uuid.hex] -> [org.hibernate.id.UUIDHexGenerator]
2024-08-26T13:23:27.804+02:00 DEBUG 10764 --- [web-shop] [           main] org.hibernate.orm.idgen.factory          : Registering IdentifierGenerator strategy [assigned] -> [org.hibernate.id.Assigned]
2024-08-26T13:23:27.807+02:00 DEBUG 10764 --- [web-shop] [           main] org.hibernate.orm.idgen.factory          : Registering IdentifierGenerator strategy [identity] -> [org.hibernate.id.IdentityGenerator]
2024-08-26T13:23:27.808+02:00 DEBUG 10764 --- [web-shop] [           main] org.hibernate.orm.idgen.factory          : Registering IdentifierGenerator strategy [select] -> [org.hibernate.id.SelectGenerator]
2024-08-26T13:23:27.811+02:00 DEBUG 10764 --- [web-shop] [           main] org.hibernate.orm.idgen.factory          : Registering IdentifierGenerator strategy [sequence] -> [org.hibernate.id.enhanced.SequenceStyleGenerator]
2024-08-26T13:23:27.812+02:00 DEBUG 10764 --- [web-shop] [           main] org.hibernate.orm.idgen.factory          : Registering IdentifierGenerator strategy [increment] -> [org.hibernate.id.IncrementGenerator]
2024-08-26T13:23:27.813+02:00 DEBUG 10764 --- [web-shop] [           main] org.hibernate.orm.idgen.factory          : Registering IdentifierGenerator strategy [foreign] -> [org.hibernate.id.ForeignGenerator]
2024-08-26T13:23:27.814+02:00 DEBUG 10764 --- [web-shop] [           main] org.hibernate.orm.idgen.factory          : Registering IdentifierGenerator strategy [enhanced-sequence] -> [org.hibernate.id.enhanced.SequenceStyleGenerator]
2024-08-26T13:23:27.817+02:00 DEBUG 10764 --- [web-shop] [           main] org.hibernate.orm.idgen.factory          : Registering IdentifierGenerator strategy [enhanced-table] -> [org.hibernate.id.enhanced.TableGenerator]
2024-08-26T13:23:27.832+02:00 DEBUG 10764 --- [web-shop] [           main] o.h.c.internal.RegionFactoryInitiator    : Cannot default RegionFactory based on registered strategies as `[]` RegionFactory strategies were registered
2024-08-26T13:23:27.834+02:00 DEBUG 10764 --- [web-shop] [           main] o.h.c.internal.RegionFactoryInitiator    : Cache region factory : org.hibernate.cache.internal.NoCachingRegionFactory
2024-08-26T13:23:28.162+02:00 DEBUG 10764 --- [web-shop] [           main] org.hibernate.type.BasicTypeRegistry     : Adding type registration boolean -> org.hibernate.type.BasicTypeReference@31881aa2
2024-08-26T13:23:28.162+02:00 DEBUG 10764 --- [web-shop] [           main] org.hibernate.type.BasicTypeRegistry     : Adding type registration boolean -> org.hibernate.type.BasicTypeReference@31881aa2
2024-08-26T13:23:28.162+02:00 DEBUG 10764 --- [web-shop] [           main] org.hibernate.type.BasicTypeRegistry     : Adding type registration java.lang.Boolean -> org.hibernate.type.BasicTypeReference@31881aa2
2024-08-26T13:23:28.163+02:00 DEBUG 10764 --- [web-shop] [           main] org.hibernate.type.BasicTypeRegistry     : Adding type registration numeric_boolean -> org.hibernate.type.BasicTypeReference@1b46392c
2024-08-26T13:23:28.163+02:00 DEBUG 10764 --- [web-shop] [           main] org.hibernate.type.BasicTypeRegistry     : Adding type registration org.hibernate.type.NumericBooleanConverter -> org.hibernate.type.BasicTypeReference@1b46392c
2024-08-26T13:23:28.163+02:00 DEBUG 10764 --- [web-shop] [           main] org.hibernate.type.BasicTypeRegistry     : Adding type registration true_false -> org.hibernate.type.BasicTypeReference@cf01c2e
2024-08-26T13:23:28.164+02:00 DEBUG 10764 --- [web-shop] [           main] org.hibernate.type.BasicTypeRegistry     : Adding type registration org.hibernate.type.TrueFalseConverter -> org.hibernate.type.BasicTypeReference@cf01c2e
2024-08-26T13:23:28.164+02:00 DEBUG 10764 --- [web-shop] [           main] org.hibernate.type.BasicTypeRegistry     : Adding type registration yes_no -> org.hibernate.type.BasicTypeReference@6f15f52a
2024-08-26T13:23:28.164+02:00 DEBUG 10764 --- [web-shop] [           main] org.hibernate.type.BasicTypeRegistry     : Adding type registration org.hibernate.type.YesNoConverter -> org.hibernate.type.BasicTypeReference@6f15f52a
2024-08-26T13:23:28.164+02:00 DEBUG 10764 --- [web-shop] [           main] org.hibernate.type.BasicTypeRegistry     : Adding type registration byte -> org.hibernate.type.BasicTypeReference@1eb9bf60
2024-08-26T13:23:28.165+02:00 DEBUG 10764 --- [web-shop] [           main] org.hibernate.type.BasicTypeRegistry     : Adding type registration byte -> org.hibernate.type.BasicTypeReference@1eb9bf60
2024-08-26T13:23:28.165+02:00 DEBUG 10764 --- [web-shop] [           main] org.hibernate.type.BasicTypeRegistry     : Adding type registration java.lang.Byte -> org.hibernate.type.BasicTypeReference@1eb9bf60
2024-08-26T13:23:28.165+02:00 DEBUG 10764 --- [web-shop] [           main] org.hibernate.type.BasicTypeRegistry     : Adding type registration binary -> org.hibernate.type.BasicTypeReference@341c6ac2
2024-08-26T13:23:28.165+02:00 DEBUG 10764 --- [web-shop] [           main] org.hibernate.type.BasicTypeRegistry     : Adding type registration byte[] -> org.hibernate.type.BasicTypeReference@341c6ac2
2024-08-26T13:23:28.166+02:00 DEBUG 10764 --- [web-shop] [           main] org.hibernate.type.BasicTypeRegistry     : Adding type registration [B -> org.hibernate.type.BasicTypeReference@341c6ac2
2024-08-26T13:23:28.166+02:00 DEBUG 10764 --- [web-shop] [           main] org.hibernate.type.BasicTypeRegistry     : Adding type registration binary_wrapper -> org.hibernate.type.BasicTypeReference@38811103
2024-08-26T13:23:28.166+02:00 DEBUG 10764 --- [web-shop] [           main] org.hibernate.type.BasicTypeRegistry     : Adding type registration wrapper-binary -> org.hibernate.type.BasicTypeReference@38811103
2024-08-26T13:23:28.166+02:00 DEBUG 10764 --- [web-shop] [           main] org.hibernate.type.BasicTypeRegistry     : Adding type registration image -> org.hibernate.type.BasicTypeReference@787d1f9c
2024-08-26T13:23:28.166+02:00 DEBUG 10764 --- [web-shop] [           main] org.hibernate.type.BasicTypeRegistry     : Adding type registration blob -> org.hibernate.type.BasicTypeReference@2becfd4c
2024-08-26T13:23:28.167+02:00 DEBUG 10764 --- [web-shop] [           main] org.hibernate.type.BasicTypeRegistry     : Adding type registration java.sql.Blob -> org.hibernate.type.BasicTypeReference@2becfd4c
2024-08-26T13:23:28.167+02:00 DEBUG 10764 --- [web-shop] [           main] org.hibernate.type.BasicTypeRegistry     : Adding type registration materialized_blob -> org.hibernate.type.BasicTypeReference@7c71c889
2024-08-26T13:23:28.167+02:00 DEBUG 10764 --- [web-shop] [           main] org.hibernate.type.BasicTypeRegistry     : Adding type registration materialized_blob_wrapper -> org.hibernate.type.BasicTypeReference@4cc8d70d
2024-08-26T13:23:28.167+02:00 DEBUG 10764 --- [web-shop] [           main] org.hibernate.type.BasicTypeRegistry     : Adding type registration short -> org.hibernate.type.BasicTypeReference@5c59a0f7
2024-08-26T13:23:28.167+02:00 DEBUG 10764 --- [web-shop] [           main] org.hibernate.type.BasicTypeRegistry     : Adding type registration short -> org.hibernate.type.BasicTypeReference@5c59a0f7
2024-08-26T13:23:28.167+02:00 DEBUG 10764 --- [web-shop] [           main] org.hibernate.type.BasicTypeRegistry     : Adding type registration java.lang.Short -> org.hibernate.type.BasicTypeReference@5c59a0f7
2024-08-26T13:23:28.168+02:00 DEBUG 10764 --- [web-shop] [           main] org.hibernate.type.BasicTypeRegistry     : Adding type registration integer -> org.hibernate.type.BasicTypeReference@101330ad
2024-08-26T13:23:28.168+02:00 DEBUG 10764 --- [web-shop] [           main] org.hibernate.type.BasicTypeRegistry     : Adding type registration int -> org.hibernate.type.BasicTypeReference@101330ad
2024-08-26T13:23:28.168+02:00 DEBUG 10764 --- [web-shop] [           main] org.hibernate.type.BasicTypeRegistry     : Adding type registration java.lang.Integer -> org.hibernate.type.BasicTypeReference@101330ad
2024-08-26T13:23:28.168+02:00 DEBUG 10764 --- [web-shop] [           main] org.hibernate.type.BasicTypeRegistry     : Adding type registration long -> org.hibernate.type.BasicTypeReference@625487a6
2024-08-26T13:23:28.168+02:00 DEBUG 10764 --- [web-shop] [           main] org.hibernate.type.BasicTypeRegistry     : Adding type registration long -> org.hibernate.type.BasicTypeReference@625487a6
2024-08-26T13:23:28.169+02:00 DEBUG 10764 --- [web-shop] [           main] org.hibernate.type.BasicTypeRegistry     : Adding type registration java.lang.Long -> org.hibernate.type.BasicTypeReference@625487a6
2024-08-26T13:23:28.169+02:00 DEBUG 10764 --- [web-shop] [           main] org.hibernate.type.BasicTypeRegistry     : Adding type registration float -> org.hibernate.type.BasicTypeReference@682e445e
2024-08-26T13:23:28.169+02:00 DEBUG 10764 --- [web-shop] [           main] org.hibernate.type.BasicTypeRegistry     : Adding type registration float -> org.hibernate.type.BasicTypeReference@682e445e
2024-08-26T13:23:28.169+02:00 DEBUG 10764 --- [web-shop] [           main] org.hibernate.type.BasicTypeRegistry     : Adding type registration java.lang.Float -> org.hibernate.type.BasicTypeReference@682e445e
2024-08-26T13:23:28.169+02:00 DEBUG 10764 --- [web-shop] [           main] org.hibernate.type.BasicTypeRegistry     : Adding type registration double -> org.hibernate.type.BasicTypeReference@79e10fb4
2024-08-26T13:23:28.169+02:00 DEBUG 10764 --- [web-shop] [           main] org.hibernate.type.BasicTypeRegistry     : Adding type registration double -> org.hibernate.type.BasicTypeReference@79e10fb4
2024-08-26T13:23:28.170+02:00 DEBUG 10764 --- [web-shop] [           main] org.hibernate.type.BasicTypeRegistry     : Adding type registration java.lang.Double -> org.hibernate.type.BasicTypeReference@79e10fb4
2024-08-26T13:23:28.170+02:00 DEBUG 10764 --- [web-shop] [           main] org.hibernate.type.BasicTypeRegistry     : Adding type registration big_integer -> org.hibernate.type.BasicTypeReference@70fede7d
2024-08-26T13:23:28.170+02:00 DEBUG 10764 --- [web-shop] [           main] org.hibernate.type.BasicTypeRegistry     : Adding type registration java.math.BigInteger -> org.hibernate.type.BasicTypeReference@70fede7d
2024-08-26T13:23:28.170+02:00 DEBUG 10764 --- [web-shop] [           main] org.hibernate.type.BasicTypeRegistry     : Adding type registration big_decimal -> org.hibernate.type.BasicTypeReference@36510e73
2024-08-26T13:23:28.170+02:00 DEBUG 10764 --- [web-shop] [           main] org.hibernate.type.BasicTypeRegistry     : Adding type registration java.math.BigDecimal -> org.hibernate.type.BasicTypeReference@36510e73
2024-08-26T13:23:28.171+02:00 DEBUG 10764 --- [web-shop] [           main] org.hibernate.type.BasicTypeRegistry     : Adding type registration character -> org.hibernate.type.BasicTypeReference@2c47a053
2024-08-26T13:23:28.171+02:00 DEBUG 10764 --- [web-shop] [           main] org.hibernate.type.BasicTypeRegistry     : Adding type registration char -> org.hibernate.type.BasicTypeReference@2c47a053
2024-08-26T13:23:28.171+02:00 DEBUG 10764 --- [web-shop] [           main] org.hibernate.type.BasicTypeRegistry     : Adding type registration java.lang.Character -> org.hibernate.type.BasicTypeReference@2c47a053
2024-08-26T13:23:28.171+02:00 DEBUG 10764 --- [web-shop] [           main] org.hibernate.type.BasicTypeRegistry     : Adding type registration character_nchar -> org.hibernate.type.BasicTypeReference@5d2a86c0
2024-08-26T13:23:28.171+02:00 DEBUG 10764 --- [web-shop] [           main] org.hibernate.type.BasicTypeRegistry     : Adding type registration string -> org.hibernate.type.BasicTypeReference@5ba1b62e
2024-08-26T13:23:28.171+02:00 DEBUG 10764 --- [web-shop] [           main] org.hibernate.type.BasicTypeRegistry     : Adding type registration java.lang.String -> org.hibernate.type.BasicTypeReference@5ba1b62e
2024-08-26T13:23:28.172+02:00 DEBUG 10764 --- [web-shop] [           main] org.hibernate.type.BasicTypeRegistry     : Adding type registration nstring -> org.hibernate.type.BasicTypeReference@65bd19bf
2024-08-26T13:23:28.172+02:00 DEBUG 10764 --- [web-shop] [           main] org.hibernate.type.BasicTypeRegistry     : Adding type registration characters -> org.hibernate.type.BasicTypeReference@74697863
2024-08-26T13:23:28.172+02:00 DEBUG 10764 --- [web-shop] [           main] org.hibernate.type.BasicTypeRegistry     : Adding type registration char[] -> org.hibernate.type.BasicTypeReference@74697863
2024-08-26T13:23:28.172+02:00 DEBUG 10764 --- [web-shop] [           main] org.hibernate.type.BasicTypeRegistry     : Adding type registration [C -> org.hibernate.type.BasicTypeReference@74697863
2024-08-26T13:23:28.172+02:00 DEBUG 10764 --- [web-shop] [           main] org.hibernate.type.BasicTypeRegistry     : Adding type registration wrapper-characters -> org.hibernate.type.BasicTypeReference@7d7ceca8
2024-08-26T13:23:28.173+02:00 DEBUG 10764 --- [web-shop] [           main] org.hibernate.type.BasicTypeRegistry     : Adding type registration text -> org.hibernate.type.BasicTypeReference@2bba35ef
2024-08-26T13:23:28.173+02:00 DEBUG 10764 --- [web-shop] [           main] org.hibernate.type.BasicTypeRegistry     : Adding type registration ntext -> org.hibernate.type.BasicTypeReference@26c7b1c6
2024-08-26T13:23:28.173+02:00 DEBUG 10764 --- [web-shop] [           main] org.hibernate.type.BasicTypeRegistry     : Adding type registration clob -> org.hibernate.type.BasicTypeReference@19526f1d
2024-08-26T13:23:28.173+02:00 DEBUG 10764 --- [web-shop] [           main] org.hibernate.type.BasicTypeRegistry     : Adding type registration java.sql.Clob -> org.hibernate.type.BasicTypeReference@19526f1d
2024-08-26T13:23:28.173+02:00 DEBUG 10764 --- [web-shop] [           main] org.hibernate.type.BasicTypeRegistry     : Adding type registration nclob -> org.hibernate.type.BasicTypeReference@3d1c933
2024-08-26T13:23:28.173+02:00 DEBUG 10764 --- [web-shop] [           main] org.hibernate.type.BasicTypeRegistry     : Adding type registration java.sql.NClob -> org.hibernate.type.BasicTypeReference@3d1c933
2024-08-26T13:23:28.173+02:00 DEBUG 10764 --- [web-shop] [           main] org.hibernate.type.BasicTypeRegistry     : Adding type registration materialized_clob -> org.hibernate.type.BasicTypeReference@79be91eb
2024-08-26T13:23:28.173+02:00 DEBUG 10764 --- [web-shop] [           main] org.hibernate.type.BasicTypeRegistry     : Adding type registration materialized_clob_char_array -> org.hibernate.type.BasicTypeReference@626c569b
2024-08-26T13:23:28.174+02:00 DEBUG 10764 --- [web-shop] [           main] org.hibernate.type.BasicTypeRegistry     : Adding type registration materialized_clob_character_array -> org.hibernate.type.BasicTypeReference@684ce74c
2024-08-26T13:23:28.174+02:00 DEBUG 10764 --- [web-shop] [           main] org.hibernate.type.BasicTypeRegistry     : Adding type registration materialized_nclob -> org.hibernate.type.BasicTypeReference@65593327
2024-08-26T13:23:28.174+02:00 DEBUG 10764 --- [web-shop] [           main] org.hibernate.type.BasicTypeRegistry     : Adding type registration materialized_nclob_character_array -> org.hibernate.type.BasicTypeReference@68e5c7ae
2024-08-26T13:23:28.174+02:00 DEBUG 10764 --- [web-shop] [           main] org.hibernate.type.BasicTypeRegistry     : Adding type registration materialized_nclob_char_array -> org.hibernate.type.BasicTypeReference@68bd8ca7
2024-08-26T13:23:28.174+02:00 DEBUG 10764 --- [web-shop] [           main] org.hibernate.type.BasicTypeRegistry     : Adding type registration Duration -> org.hibernate.type.BasicTypeReference@6744707b
2024-08-26T13:23:28.174+02:00 DEBUG 10764 --- [web-shop] [           main] org.hibernate.type.BasicTypeRegistry     : Adding type registration java.time.Duration -> org.hibernate.type.BasicTypeReference@6744707b
2024-08-26T13:23:28.174+02:00 DEBUG 10764 --- [web-shop] [           main] org.hibernate.type.BasicTypeRegistry     : Adding type registration LocalDateTime -> org.hibernate.type.BasicTypeReference@4b28a7bf
2024-08-26T13:23:28.175+02:00 DEBUG 10764 --- [web-shop] [           main] org.hibernate.type.BasicTypeRegistry     : Adding type registration java.time.LocalDateTime -> org.hibernate.type.BasicTypeReference@4b28a7bf
2024-08-26T13:23:28.175+02:00 DEBUG 10764 --- [web-shop] [           main] org.hibernate.type.BasicTypeRegistry     : Adding type registration LocalDate -> org.hibernate.type.BasicTypeReference@d36c1c3
2024-08-26T13:23:28.175+02:00 DEBUG 10764 --- [web-shop] [           main] org.hibernate.type.BasicTypeRegistry     : Adding type registration java.time.LocalDate -> org.hibernate.type.BasicTypeReference@d36c1c3
2024-08-26T13:23:28.175+02:00 DEBUG 10764 --- [web-shop] [           main] org.hibernate.type.BasicTypeRegistry     : Adding type registration LocalTime -> org.hibernate.type.BasicTypeReference@96abc76
2024-08-26T13:23:28.175+02:00 DEBUG 10764 --- [web-shop] [           main] org.hibernate.type.BasicTypeRegistry     : Adding type registration java.time.LocalTime -> org.hibernate.type.BasicTypeReference@96abc76
2024-08-26T13:23:28.176+02:00 DEBUG 10764 --- [web-shop] [           main] org.hibernate.type.BasicTypeRegistry     : Adding type registration OffsetDateTime -> org.hibernate.type.BasicTypeReference@4d69d288
2024-08-26T13:23:28.176+02:00 DEBUG 10764 --- [web-shop] [           main] org.hibernate.type.BasicTypeRegistry     : Adding type registration java.time.OffsetDateTime -> org.hibernate.type.BasicTypeReference@4d69d288
2024-08-26T13:23:28.176+02:00 DEBUG 10764 --- [web-shop] [           main] org.hibernate.type.BasicTypeRegistry     : Adding type registration OffsetDateTimeWithTimezone -> org.hibernate.type.BasicTypeReference@437281c5
2024-08-26T13:23:28.176+02:00 DEBUG 10764 --- [web-shop] [           main] org.hibernate.type.BasicTypeRegistry     : Adding type registration OffsetDateTimeWithoutTimezone -> org.hibernate.type.BasicTypeReference@787178b1
2024-08-26T13:23:28.176+02:00 DEBUG 10764 --- [web-shop] [           main] org.hibernate.type.BasicTypeRegistry     : Adding type registration OffsetTime -> org.hibernate.type.BasicTypeReference@24a4e2c5
2024-08-26T13:23:28.176+02:00 DEBUG 10764 --- [web-shop] [           main] org.hibernate.type.BasicTypeRegistry     : Adding type registration java.time.OffsetTime -> org.hibernate.type.BasicTypeReference@24a4e2c5
2024-08-26T13:23:28.176+02:00 DEBUG 10764 --- [web-shop] [           main] org.hibernate.type.BasicTypeRegistry     : Adding type registration OffsetTimeUtc -> org.hibernate.type.BasicTypeReference@27da994b
2024-08-26T13:23:28.177+02:00 DEBUG 10764 --- [web-shop] [           main] org.hibernate.type.BasicTypeRegistry     : Adding type registration OffsetTimeWithTimezone -> org.hibernate.type.BasicTypeReference@70f148dc
2024-08-26T13:23:28.177+02:00 DEBUG 10764 --- [web-shop] [           main] org.hibernate.type.BasicTypeRegistry     : Adding type registration OffsetTimeWithoutTimezone -> org.hibernate.type.BasicTypeReference@3360283
2024-08-26T13:23:28.177+02:00 DEBUG 10764 --- [web-shop] [           main] org.hibernate.type.BasicTypeRegistry     : Adding type registration ZonedDateTime -> org.hibernate.type.BasicTypeReference@77aea
2024-08-26T13:23:28.177+02:00 DEBUG 10764 --- [web-shop] [           main] org.hibernate.type.BasicTypeRegistry     : Adding type registration java.time.ZonedDateTime -> org.hibernate.type.BasicTypeReference@77aea
2024-08-26T13:23:28.177+02:00 DEBUG 10764 --- [web-shop] [           main] org.hibernate.type.BasicTypeRegistry     : Adding type registration ZonedDateTimeWithTimezone -> org.hibernate.type.BasicTypeReference@73e4bb60
2024-08-26T13:23:28.177+02:00 DEBUG 10764 --- [web-shop] [           main] org.hibernate.type.BasicTypeRegistry     : Adding type registration ZonedDateTimeWithoutTimezone -> org.hibernate.type.BasicTypeReference@9a9aa68
2024-08-26T13:23:28.178+02:00 DEBUG 10764 --- [web-shop] [           main] org.hibernate.type.BasicTypeRegistry     : Adding type registration date -> org.hibernate.type.BasicTypeReference@3a3883c4
2024-08-26T13:23:28.178+02:00 DEBUG 10764 --- [web-shop] [           main] org.hibernate.type.BasicTypeRegistry     : Adding type registration java.sql.Date -> org.hibernate.type.BasicTypeReference@3a3883c4
2024-08-26T13:23:28.178+02:00 DEBUG 10764 --- [web-shop] [           main] org.hibernate.type.BasicTypeRegistry     : Adding type registration time -> org.hibernate.type.BasicTypeReference@1537e43
2024-08-26T13:23:28.178+02:00 DEBUG 10764 --- [web-shop] [           main] org.hibernate.type.BasicTypeRegistry     : Adding type registration java.sql.Time -> org.hibernate.type.BasicTypeReference@1537e43
2024-08-26T13:23:28.179+02:00 DEBUG 10764 --- [web-shop] [           main] org.hibernate.type.BasicTypeRegistry     : Adding type registration timestamp -> org.hibernate.type.BasicTypeReference@573aeab2
2024-08-26T13:23:28.179+02:00 DEBUG 10764 --- [web-shop] [           main] org.hibernate.type.BasicTypeRegistry     : Adding type registration java.sql.Timestamp -> org.hibernate.type.BasicTypeReference@573aeab2
2024-08-26T13:23:28.179+02:00 DEBUG 10764 --- [web-shop] [           main] org.hibernate.type.BasicTypeRegistry     : Adding type registration java.util.Date -> org.hibernate.type.BasicTypeReference@573aeab2
2024-08-26T13:23:28.179+02:00 DEBUG 10764 --- [web-shop] [           main] org.hibernate.type.BasicTypeRegistry     : Adding type registration calendar -> org.hibernate.type.BasicTypeReference@1304e0d7
2024-08-26T13:23:28.179+02:00 DEBUG 10764 --- [web-shop] [           main] org.hibernate.type.BasicTypeRegistry     : Adding type registration java.util.Calendar -> org.hibernate.type.BasicTypeReference@1304e0d7
2024-08-26T13:23:28.179+02:00 DEBUG 10764 --- [web-shop] [           main] org.hibernate.type.BasicTypeRegistry     : Adding type registration java.util.GregorianCalendar -> org.hibernate.type.BasicTypeReference@1304e0d7
2024-08-26T13:23:28.180+02:00 DEBUG 10764 --- [web-shop] [           main] org.hibernate.type.BasicTypeRegistry     : Adding type registration calendar_date -> org.hibernate.type.BasicTypeReference@6ddc67d0
2024-08-26T13:23:28.180+02:00 DEBUG 10764 --- [web-shop] [           main] org.hibernate.type.BasicTypeRegistry     : Adding type registration calendar_time -> org.hibernate.type.BasicTypeReference@7767bd4e
2024-08-26T13:23:28.180+02:00 DEBUG 10764 --- [web-shop] [           main] org.hibernate.type.BasicTypeRegistry     : Adding type registration instant -> org.hibernate.type.BasicTypeReference@7708b66a
2024-08-26T13:23:28.180+02:00 DEBUG 10764 --- [web-shop] [           main] org.hibernate.type.BasicTypeRegistry     : Adding type registration java.time.Instant -> org.hibernate.type.BasicTypeReference@7708b66a
2024-08-26T13:23:28.180+02:00 DEBUG 10764 --- [web-shop] [           main] org.hibernate.type.BasicTypeRegistry     : Adding type registration uuid -> org.hibernate.type.BasicTypeReference@433ef204
2024-08-26T13:23:28.180+02:00 DEBUG 10764 --- [web-shop] [           main] org.hibernate.type.BasicTypeRegistry     : Adding type registration java.util.UUID -> org.hibernate.type.BasicTypeReference@433ef204
2024-08-26T13:23:28.180+02:00 DEBUG 10764 --- [web-shop] [           main] org.hibernate.type.BasicTypeRegistry     : Adding type registration pg-uuid -> org.hibernate.type.BasicTypeReference@433ef204
2024-08-26T13:23:28.181+02:00 DEBUG 10764 --- [web-shop] [           main] org.hibernate.type.BasicTypeRegistry     : Adding type registration uuid-binary -> org.hibernate.type.BasicTypeReference@4dd2ef54
2024-08-26T13:23:28.181+02:00 DEBUG 10764 --- [web-shop] [           main] org.hibernate.type.BasicTypeRegistry     : Adding type registration uuid-char -> org.hibernate.type.BasicTypeReference@795b66d
2024-08-26T13:23:28.181+02:00 DEBUG 10764 --- [web-shop] [           main] org.hibernate.type.BasicTypeRegistry     : Adding type registration class -> org.hibernate.type.BasicTypeReference@359ceb13
2024-08-26T13:23:28.181+02:00 DEBUG 10764 --- [web-shop] [           main] org.hibernate.type.BasicTypeRegistry     : Adding type registration java.lang.Class -> org.hibernate.type.BasicTypeReference@359ceb13
2024-08-26T13:23:28.181+02:00 DEBUG 10764 --- [web-shop] [           main] org.hibernate.type.BasicTypeRegistry     : Adding type registration currency -> org.hibernate.type.BasicTypeReference@1068176
2024-08-26T13:23:28.181+02:00 DEBUG 10764 --- [web-shop] [           main] org.hibernate.type.BasicTypeRegistry     : Adding type registration Currency -> org.hibernate.type.BasicTypeReference@1068176
2024-08-26T13:23:28.181+02:00 DEBUG 10764 --- [web-shop] [           main] org.hibernate.type.BasicTypeRegistry     : Adding type registration java.util.Currency -> org.hibernate.type.BasicTypeReference@1068176
2024-08-26T13:23:28.182+02:00 DEBUG 10764 --- [web-shop] [           main] org.hibernate.type.BasicTypeRegistry     : Adding type registration locale -> org.hibernate.type.BasicTypeReference@5bf4764d
2024-08-26T13:23:28.182+02:00 DEBUG 10764 --- [web-shop] [           main] org.hibernate.type.BasicTypeRegistry     : Adding type registration java.util.Locale -> org.hibernate.type.BasicTypeReference@5bf4764d
2024-08-26T13:23:28.182+02:00 DEBUG 10764 --- [web-shop] [           main] org.hibernate.type.BasicTypeRegistry     : Adding type registration serializable -> org.hibernate.type.BasicTypeReference@71789580
2024-08-26T13:23:28.182+02:00 DEBUG 10764 --- [web-shop] [           main] org.hibernate.type.BasicTypeRegistry     : Adding type registration java.io.Serializable -> org.hibernate.type.BasicTypeReference@71789580
2024-08-26T13:23:28.182+02:00 DEBUG 10764 --- [web-shop] [           main] org.hibernate.type.BasicTypeRegistry     : Adding type registration timezone -> org.hibernate.type.BasicTypeReference@23ee2ccf
2024-08-26T13:23:28.182+02:00 DEBUG 10764 --- [web-shop] [           main] org.hibernate.type.BasicTypeRegistry     : Adding type registration java.util.TimeZone -> org.hibernate.type.BasicTypeReference@23ee2ccf
2024-08-26T13:23:28.182+02:00 DEBUG 10764 --- [web-shop] [           main] org.hibernate.type.BasicTypeRegistry     : Adding type registration ZoneOffset -> org.hibernate.type.BasicTypeReference@165614f5
2024-08-26T13:23:28.182+02:00 DEBUG 10764 --- [web-shop] [           main] org.hibernate.type.BasicTypeRegistry     : Adding type registration java.time.ZoneOffset -> org.hibernate.type.BasicTypeReference@165614f5
2024-08-26T13:23:28.183+02:00 DEBUG 10764 --- [web-shop] [           main] org.hibernate.type.BasicTypeRegistry     : Adding type registration url -> org.hibernate.type.BasicTypeReference@6e685e6c
2024-08-26T13:23:28.183+02:00 DEBUG 10764 --- [web-shop] [           main] org.hibernate.type.BasicTypeRegistry     : Adding type registration java.net.URL -> org.hibernate.type.BasicTypeReference@6e685e6c
2024-08-26T13:23:28.183+02:00 DEBUG 10764 --- [web-shop] [           main] org.hibernate.type.BasicTypeRegistry     : Adding type registration row_version -> org.hibernate.type.BasicTypeReference@5b0902b4
2024-08-26T13:23:28.194+02:00 DEBUG 10764 --- [web-shop] [           main] org.hibernate.type.BasicTypeRegistry     : Adding type registration object -> org.hibernate.type.JavaObjectType@418f0534
2024-08-26T13:23:28.194+02:00 DEBUG 10764 --- [web-shop] [           main] org.hibernate.type.BasicTypeRegistry     : Adding type registration java.lang.Object -> org.hibernate.type.JavaObjectType@418f0534
2024-08-26T13:23:28.196+02:00 DEBUG 10764 --- [web-shop] [           main] org.hibernate.type.BasicTypeRegistry     : Adding type registration null -> org.hibernate.type.NullType@3030836d
2024-08-26T13:23:28.197+02:00 DEBUG 10764 --- [web-shop] [           main] org.hibernate.type.BasicTypeRegistry     : Adding type registration imm_date -> org.hibernate.type.BasicTypeReference@6af78a48
2024-08-26T13:23:28.197+02:00 DEBUG 10764 --- [web-shop] [           main] org.hibernate.type.BasicTypeRegistry     : Adding type registration imm_time -> org.hibernate.type.BasicTypeReference@6ed18d80
2024-08-26T13:23:28.197+02:00 DEBUG 10764 --- [web-shop] [           main] org.hibernate.type.BasicTypeRegistry     : Adding type registration imm_timestamp -> org.hibernate.type.BasicTypeReference@4c24f3a2
2024-08-26T13:23:28.197+02:00 DEBUG 10764 --- [web-shop] [           main] org.hibernate.type.BasicTypeRegistry     : Adding type registration imm_calendar -> org.hibernate.type.BasicTypeReference@783b3aa0
2024-08-26T13:23:28.197+02:00 DEBUG 10764 --- [web-shop] [           main] org.hibernate.type.BasicTypeRegistry     : Adding type registration imm_calendar_date -> org.hibernate.type.BasicTypeReference@2ec85a25
2024-08-26T13:23:28.197+02:00 DEBUG 10764 --- [web-shop] [           main] org.hibernate.type.BasicTypeRegistry     : Adding type registration imm_calendar_time -> org.hibernate.type.BasicTypeReference@4c176ff1
2024-08-26T13:23:28.198+02:00 DEBUG 10764 --- [web-shop] [           main] org.hibernate.type.BasicTypeRegistry     : Adding type registration imm_binary -> org.hibernate.type.BasicTypeReference@27c53c32
2024-08-26T13:23:28.198+02:00 DEBUG 10764 --- [web-shop] [           main] org.hibernate.type.BasicTypeRegistry     : Adding type registration imm_serializable -> org.hibernate.type.BasicTypeReference@68aec50
2024-08-26T13:23:28.208+02:00 DEBUG 10764 --- [web-shop] [           main] o.h.boot.internal.BootstrapContextImpl   : Injecting JPA temp ClassLoader [org.springframework.instrument.classloading.SimpleThrowawayClassLoader@65f3e805] into BootstrapContext; was [null]
2024-08-26T13:23:28.209+02:00 DEBUG 10764 --- [web-shop] [           main] o.h.boot.internal.ClassLoaderAccessImpl  : ClassLoaderAccessImpl#injectTempClassLoader(org.springframework.instrument.classloading.SimpleThrowawayClassLoader@65f3e805) [was null]
2024-08-26T13:23:28.210+02:00 DEBUG 10764 --- [web-shop] [           main] o.h.boot.internal.BootstrapContextImpl   : Injecting ScanEnvironment [org.hibernate.jpa.boot.internal.StandardJpaScanEnvironmentImpl@426c0486] into BootstrapContext; was [null]
2024-08-26T13:23:28.210+02:00 DEBUG 10764 --- [web-shop] [           main] o.h.boot.internal.BootstrapContextImpl   : Injecting ScanOptions [org.hibernate.boot.archive.scan.internal.StandardScanOptions@5e2a6991] into BootstrapContext; was [org.hibernate.boot.archive.scan.internal.StandardScanOptions@5002fde9]
2024-08-26T13:23:28.340+02:00  INFO 10764 --- [web-shop] [           main] o.h.b.i.BytecodeProviderInitiator        : HHH000021: Bytecode provider name : bytebuddy
2024-08-26T13:23:28.599+02:00  INFO 10764 --- [web-shop] [           main] o.s.o.j.p.SpringPersistenceUnitInfo      : No LoadTimeWeaver setup: ignoring JPA class transformer
2024-08-26T13:23:28.599+02:00 DEBUG 10764 --- [web-shop] [           main] o.h.boot.internal.BootstrapContextImpl   : Injecting JPA temp ClassLoader [null] into BootstrapContext; was [org.springframework.instrument.classloading.SimpleThrowawayClassLoader@65f3e805]
2024-08-26T13:23:28.600+02:00 DEBUG 10764 --- [web-shop] [           main] o.h.boot.internal.ClassLoaderAccessImpl  : ClassLoaderAccessImpl#injectTempClassLoader(null) [was org.springframework.instrument.classloading.SimpleThrowawayClassLoader@65f3e805]
2024-08-26T13:23:28.623+02:00  INFO 10764 --- [web-shop] [           main] com.zaxxer.hikari.HikariDataSource       : HikariPool-1 - Starting...
2024-08-26T13:23:29.141+02:00  INFO 10764 --- [web-shop] [           main] com.zaxxer.hikari.pool.HikariPool        : HikariPool-1 - Added connection com.mysql.cj.jdbc.ConnectionImpl@44ddb518
2024-08-26T13:23:29.146+02:00  INFO 10764 --- [web-shop] [           main] com.zaxxer.hikari.HikariDataSource       : HikariPool-1 - Start completed.
2024-08-26T13:23:29.154+02:00 DEBUG 10764 --- [web-shop] [           main] o.h.e.j.e.i.JdbcEnvironmentInitiator     : Database ->
       name : MySQL
    version : 8.0.39
      major : 8
      minor : 0
2024-08-26T13:23:29.154+02:00 DEBUG 10764 --- [web-shop] [           main] o.h.e.j.e.i.JdbcEnvironmentInitiator     : Driver ->
       name : MySQL Connector/J
    version : mysql-connector-j-8.3.0 (Revision: 805f872a57875f311cb82487efcfb070411a3fa0)
      major : 8
      minor : 3
2024-08-26T13:23:29.154+02:00 DEBUG 10764 --- [web-shop] [           main] o.h.e.j.e.i.JdbcEnvironmentInitiator     : JDBC version : 4.2
2024-08-26T13:23:29.266+02:00 DEBUG 10764 --- [web-shop] [           main] org.hibernate.orm.dialect                : HHH035001: Using dialect: org.hibernate.dialect.MySQLDialect, version: 8.0.39
2024-08-26T13:23:29.290+02:00 DEBUG 10764 --- [web-shop] [           main] o.h.e.j.env.spi.IdentifierHelperBuilder  : JDBC driver metadata reported database stores quoted identifiers in more than one case
2024-08-26T13:23:29.291+02:00 DEBUG 10764 --- [web-shop] [           main] o.h.e.j.env.spi.IdentifierHelperBuilder  : IdentifierCaseStrategy for both quoted and unquoted identifiers was set to the same strategy [LOWER]; that will likely lead to problems in schema update and validation if using quoted identifiers
2024-08-26T13:23:29.340+02:00 DEBUG 10764 --- [web-shop] [           main] o.h.t.d.sql.spi.DdlTypeRegistry          : addDescriptor(12, org.hibernate.type.descriptor.sql.internal.CapacityDependentDdlType@72a33316) replaced previous registration(org.hibernate.type.descriptor.sql.internal.CapacityDependentDdlType@57fce8b)
2024-08-26T13:23:29.340+02:00 DEBUG 10764 --- [web-shop] [           main] o.h.t.d.sql.spi.DdlTypeRegistry          : addDescriptor(-9, org.hibernate.type.descriptor.sql.internal.CapacityDependentDdlType@77204651) replaced previous registration(org.hibernate.type.descriptor.sql.internal.CapacityDependentDdlType@51cca357)
2024-08-26T13:23:29.340+02:00 DEBUG 10764 --- [web-shop] [           main] o.h.t.d.sql.spi.DdlTypeRegistry          : addDescriptor(-3, org.hibernate.type.descriptor.sql.internal.CapacityDependentDdlType@3a9c11fb) replaced previous registration(org.hibernate.type.descriptor.sql.internal.CapacityDependentDdlType@416c8bb5)
2024-08-26T13:23:29.340+02:00 DEBUG 10764 --- [web-shop] [           main] o.h.t.d.sql.spi.DdlTypeRegistry          : addDescriptor(4003, org.hibernate.type.descriptor.sql.internal.DdlTypeImpl@340b4f07) replaced previous registration(org.hibernate.type.descriptor.sql.internal.DdlTypeImpl@e994ca)
2024-08-26T13:23:29.340+02:00 DEBUG 10764 --- [web-shop] [           main] o.h.t.d.sql.spi.DdlTypeRegistry          : addDescriptor(4001, org.hibernate.type.descriptor.sql.internal.DdlTypeImpl@5a205ee5) replaced previous registration(org.hibernate.type.descriptor.sql.internal.DdlTypeImpl@7fb44737)
2024-08-26T13:23:29.340+02:00 DEBUG 10764 --- [web-shop] [           main] o.h.t.d.sql.spi.DdlTypeRegistry          : addDescriptor(4002, org.hibernate.type.descriptor.sql.internal.DdlTypeImpl@11295cb1) replaced previous registration(org.hibernate.type.descriptor.sql.internal.DdlTypeImpl@5daad59a)
2024-08-26T13:23:29.341+02:00 DEBUG 10764 --- [web-shop] [           main] o.h.t.d.sql.spi.DdlTypeRegistry          : addDescriptor(2004, org.hibernate.type.descriptor.sql.internal.CapacityDependentDdlType@5256fbc) replaced previous registration(org.hibernate.type.descriptor.sql.internal.DdlTypeImpl@58f50dd0)
2024-08-26T13:23:29.341+02:00 DEBUG 10764 --- [web-shop] [           main] o.h.t.d.sql.spi.DdlTypeRegistry          : addDescriptor(2005, org.hibernate.type.descriptor.sql.internal.CapacityDependentDdlType@3620eab) replaced previous registration(org.hibernate.type.descriptor.sql.internal.DdlTypeImpl@8ef1d58)
2024-08-26T13:23:29.341+02:00 DEBUG 10764 --- [web-shop] [           main] o.h.t.d.sql.spi.DdlTypeRegistry          : addDescriptor(2011, org.hibernate.type.descriptor.sql.internal.CapacityDependentDdlType@2619cb76) replaced previous registration(org.hibernate.type.descriptor.sql.internal.DdlTypeImpl@56f2c9e8)
2024-08-26T13:23:29.343+02:00 DEBUG 10764 --- [web-shop] [           main] o.h.t.d.jdbc.spi.JdbcTypeRegistry        : addDescriptor(NCharTypeDescriptor) replaced previous registration(CharTypeDescriptor)
2024-08-26T13:23:29.343+02:00 DEBUG 10764 --- [web-shop] [           main] o.h.t.d.jdbc.spi.JdbcTypeRegistry        : addDescriptor(NVarcharTypeDescriptor) replaced previous registration(VarcharTypeDescriptor)
2024-08-26T13:23:29.344+02:00 DEBUG 10764 --- [web-shop] [           main] o.h.t.d.jdbc.spi.JdbcTypeRegistry        : addDescriptor(LongNVarcharTypeDescriptor) replaced previous registration(LongVarcharTypeDescriptor)
2024-08-26T13:23:29.349+02:00 DEBUG 10764 --- [web-shop] [           main] o.h.t.d.jdbc.spi.JdbcTypeRegistry        : addDescriptor(NClobTypeDescriptor(DEFAULT)) replaced previous registration(ClobTypeDescriptor(DEFAULT))
2024-08-26T13:23:29.349+02:00 DEBUG 10764 --- [web-shop] [           main] o.h.t.d.jdbc.spi.JdbcTypeRegistry        : addDescriptor(2005, ClobTypeDescriptor(STREAM_BINDING)) replaced previous registration(ClobTypeDescriptor(DEFAULT))
2024-08-26T13:23:29.355+02:00 DEBUG 10764 --- [web-shop] [           main] org.hibernate.type.BasicTypeRegistry     : Adding type registration null -> org.hibernate.type.NullType@71316cd7
2024-08-26T13:23:29.356+02:00 DEBUG 10764 --- [web-shop] [           main] org.hibernate.type.BasicTypeRegistry     : Type registration key [null] overrode previous entry : `org.hibernate.type.NullType@3030836d`
2024-08-26T13:23:29.372+02:00 DEBUG 10764 --- [web-shop] [           main] org.hibernate.type.BasicTypeRegistry     : Adding type registration org.hibernate.type.OffsetDateTimeType -> basicType@1(java.time.OffsetDateTime,3003)
2024-08-26T13:23:29.372+02:00 DEBUG 10764 --- [web-shop] [           main] org.hibernate.type.BasicTypeRegistry     : Adding type registration OffsetDateTime -> basicType@1(java.time.OffsetDateTime,3003)
2024-08-26T13:23:29.372+02:00 DEBUG 10764 --- [web-shop] [           main] org.hibernate.type.BasicTypeRegistry     : Adding type registration java.time.OffsetDateTime -> basicType@1(java.time.OffsetDateTime,3003)
2024-08-26T13:23:29.372+02:00 DEBUG 10764 --- [web-shop] [           main] org.hibernate.type.BasicTypeRegistry     : Adding type registration org.hibernate.type.ZonedDateTimeType -> basicType@2(java.time.ZonedDateTime,3003)
2024-08-26T13:23:29.372+02:00 DEBUG 10764 --- [web-shop] [           main] org.hibernate.type.BasicTypeRegistry     : Adding type registration ZonedDateTime -> basicType@2(java.time.ZonedDateTime,3003)
2024-08-26T13:23:29.372+02:00 DEBUG 10764 --- [web-shop] [           main] org.hibernate.type.BasicTypeRegistry     : Adding type registration java.time.ZonedDateTime -> basicType@2(java.time.ZonedDateTime,3003)
2024-08-26T13:23:29.374+02:00 DEBUG 10764 --- [web-shop] [           main] org.hibernate.type.BasicTypeRegistry     : Adding type registration org.hibernate.type.OffsetTimeType -> basicType@3(java.time.OffsetTime,3007)
2024-08-26T13:23:29.374+02:00 DEBUG 10764 --- [web-shop] [           main] org.hibernate.type.BasicTypeRegistry     : Adding type registration OffsetTime -> basicType@3(java.time.OffsetTime,3007)
2024-08-26T13:23:29.374+02:00 DEBUG 10764 --- [web-shop] [           main] org.hibernate.type.BasicTypeRegistry     : Adding type registration java.time.OffsetTime -> basicType@3(java.time.OffsetTime,3007)
2024-08-26T13:23:29.377+02:00 DEBUG 10764 --- [web-shop] [           main] o.h.type.spi.TypeConfiguration$Scope     : Scoping TypeConfiguration [org.hibernate.type.spi.TypeConfiguration@6da646b8] to MetadataBuildingContext [org.hibernate.boot.internal.MetadataBuildingContextRootImpl@2a65e237]
2024-08-26T13:23:29.456+02:00 DEBUG 10764 --- [web-shop] [           main] o.h.boot.model.relational.Namespace      : Created database namespace [logicalName=Name{catalog=null, schema=null}, physicalName=Name{catalog=null, schema=null}]
2024-08-26T13:23:29.522+02:00 DEBUG 10764 --- [web-shop] [           main] o.h.boot.model.internal.EntityBinder     : Binding entity from annotated class: com.webshop.main.models.CartItem
2024-08-26T13:23:29.555+02:00 DEBUG 10764 --- [web-shop] [           main] o.h.boot.model.internal.EntityBinder     : Import with entity name CartItem
2024-08-26T13:23:29.566+02:00 DEBUG 10764 --- [web-shop] [           main] o.h.boot.model.internal.EntityBinder     : Bind entity com.webshop.main.models.CartItem on table cart_items
2024-08-26T13:23:29.605+02:00 DEBUG 10764 --- [web-shop] [           main] o.h.boot.model.internal.AnnotatedColumn  : Binding column: AnnotatedDiscriminatorColumn(column='DTYPE')
2024-08-26T13:23:29.648+02:00 DEBUG 10764 --- [web-shop] [           main] o.h.boot.model.internal.AnnotatedColumn  : Binding column: AnnotatedColumn()
2024-08-26T13:23:29.650+02:00 DEBUG 10764 --- [web-shop] [           main] o.h.boot.internal.ClassLoaderAccessImpl  : Not known whether passed class name [com.webshop.main.models.CartItem] is safe
2024-08-26T13:23:29.650+02:00 DEBUG 10764 --- [web-shop] [           main] o.h.boot.internal.ClassLoaderAccessImpl  : No temp ClassLoader provided; using live ClassLoader for loading potentially unsafe class : com.webshop.main.models.CartItem
2024-08-26T13:23:29.667+02:00 DEBUG 10764 --- [web-shop] [           main] o.h.boot.model.internal.PropertyBinder   : MetadataSourceProcessor property id with lazy=false
2024-08-26T13:23:29.673+02:00 DEBUG 10764 --- [web-shop] [           main] o.h.b.m.internal.AbstractPropertyHolder  : Attempting to locate auto-apply AttributeConverter for property [com.webshop.main.models.CartItem:id]
2024-08-26T13:23:29.679+02:00 DEBUG 10764 --- [web-shop] [           main] o.h.b.model.internal.BasicValueBinder    : building BasicValue for id
2024-08-26T13:23:29.683+02:00 DEBUG 10764 --- [web-shop] [           main] org.hibernate.mapping.BasicValue         : Skipping column re-registration: cart_items.id
2024-08-26T13:23:29.685+02:00 DEBUG 10764 --- [web-shop] [           main] o.h.boot.model.internal.PropertyBinder   : Building property id
2024-08-26T13:23:29.688+02:00 DEBUG 10764 --- [web-shop] [           main] o.h.boot.model.internal.BinderHelper     : #makeIdGenerator(BasicValue([Column(id)]), id, identity, , ...)
2024-08-26T13:23:29.690+02:00 DEBUG 10764 --- [web-shop] [           main] o.h.boot.model.internal.AnnotatedColumn  : Binding column: AnnotatedColumn()
2024-08-26T13:23:29.690+02:00 DEBUG 10764 --- [web-shop] [           main] o.h.boot.model.internal.PropertyBinder   : MetadataSourceProcessor property photoUrl with lazy=false
2024-08-26T13:23:29.690+02:00 DEBUG 10764 --- [web-shop] [           main] o.h.b.m.internal.AbstractPropertyHolder  : Attempting to locate auto-apply AttributeConverter for property [com.webshop.main.models.CartItem:photoUrl]
2024-08-26T13:23:29.690+02:00 DEBUG 10764 --- [web-shop] [           main] o.h.b.model.internal.BasicValueBinder    : building BasicValue for photoUrl
2024-08-26T13:23:29.690+02:00 DEBUG 10764 --- [web-shop] [           main] org.hibernate.mapping.BasicValue         : Skipping column re-registration: cart_items.photo_url
2024-08-26T13:23:29.690+02:00 DEBUG 10764 --- [web-shop] [           main] o.h.boot.model.internal.PropertyBinder   : Building property photoUrl
2024-08-26T13:23:29.691+02:00 DEBUG 10764 --- [web-shop] [           main] o.h.boot.model.internal.AnnotatedColumn  : Binding column: AnnotatedColumn()
2024-08-26T13:23:29.692+02:00 DEBUG 10764 --- [web-shop] [           main] o.h.boot.model.internal.PropertyBinder   : MetadataSourceProcessor property price with lazy=false
2024-08-26T13:23:29.692+02:00 DEBUG 10764 --- [web-shop] [           main] o.h.b.m.internal.AbstractPropertyHolder  : Attempting to locate auto-apply AttributeConverter for property [com.webshop.main.models.CartItem:price]
2024-08-26T13:23:29.692+02:00 DEBUG 10764 --- [web-shop] [           main] o.h.b.model.internal.BasicValueBinder    : building BasicValue for price
2024-08-26T13:23:29.692+02:00 DEBUG 10764 --- [web-shop] [           main] org.hibernate.mapping.BasicValue         : Skipping column re-registration: cart_items.price
2024-08-26T13:23:29.692+02:00 DEBUG 10764 --- [web-shop] [           main] o.h.boot.model.internal.PropertyBinder   : Building property price
2024-08-26T13:23:29.692+02:00 DEBUG 10764 --- [web-shop] [           main] o.h.boot.model.internal.AnnotatedColumn  : Binding column: AnnotatedColumn()
2024-08-26T13:23:29.692+02:00 DEBUG 10764 --- [web-shop] [           main] o.h.boot.model.internal.PropertyBinder   : MetadataSourceProcessor property productCategory with lazy=false
2024-08-26T13:23:29.692+02:00 DEBUG 10764 --- [web-shop] [           main] o.h.b.m.internal.AbstractPropertyHolder  : Attempting to locate auto-apply AttributeConverter for property [com.webshop.main.models.CartItem:productCategory]
2024-08-26T13:23:29.693+02:00 DEBUG 10764 --- [web-shop] [           main] o.h.b.model.internal.BasicValueBinder    : building BasicValue for productCategory
2024-08-26T13:23:29.693+02:00 DEBUG 10764 --- [web-shop] [           main] org.hibernate.mapping.BasicValue         : Skipping column re-registration: cart_items.product_category
2024-08-26T13:23:29.693+02:00 DEBUG 10764 --- [web-shop] [           main] o.h.boot.model.internal.PropertyBinder   : Building property productCategory
2024-08-26T13:23:29.693+02:00 DEBUG 10764 --- [web-shop] [           main] o.h.boot.model.internal.AnnotatedColumn  : Binding column: AnnotatedColumn()
2024-08-26T13:23:29.693+02:00 DEBUG 10764 --- [web-shop] [           main] o.h.boot.model.internal.PropertyBinder   : MetadataSourceProcessor property productId with lazy=false
2024-08-26T13:23:29.693+02:00 DEBUG 10764 --- [web-shop] [           main] o.h.b.m.internal.AbstractPropertyHolder  : Attempting to locate auto-apply AttributeConverter for property [com.webshop.main.models.CartItem:productId]
2024-08-26T13:23:29.694+02:00 DEBUG 10764 --- [web-shop] [           main] o.h.b.model.internal.BasicValueBinder    : building BasicValue for productId
2024-08-26T13:23:29.694+02:00 DEBUG 10764 --- [web-shop] [           main] org.hibernate.mapping.BasicValue         : Skipping column re-registration: cart_items.product_id
2024-08-26T13:23:29.694+02:00 DEBUG 10764 --- [web-shop] [           main] o.h.boot.model.internal.PropertyBinder   : Building property productId
2024-08-26T13:23:29.694+02:00 DEBUG 10764 --- [web-shop] [           main] o.h.boot.model.internal.AnnotatedColumn  : Binding column: AnnotatedColumn()
2024-08-26T13:23:29.694+02:00 DEBUG 10764 --- [web-shop] [           main] o.h.boot.model.internal.PropertyBinder   : MetadataSourceProcessor property productName with lazy=false
2024-08-26T13:23:29.694+02:00 DEBUG 10764 --- [web-shop] [           main] o.h.b.m.internal.AbstractPropertyHolder  : Attempting to locate auto-apply AttributeConverter for property [com.webshop.main.models.CartItem:productName]
2024-08-26T13:23:29.695+02:00 DEBUG 10764 --- [web-shop] [           main] o.h.b.model.internal.BasicValueBinder    : building BasicValue for productName
2024-08-26T13:23:29.695+02:00 DEBUG 10764 --- [web-shop] [           main] org.hibernate.mapping.BasicValue         : Skipping column re-registration: cart_items.product_name
2024-08-26T13:23:29.695+02:00 DEBUG 10764 --- [web-shop] [           main] o.h.boot.model.internal.PropertyBinder   : Building property productName
2024-08-26T13:23:29.695+02:00 DEBUG 10764 --- [web-shop] [           main] o.h.boot.model.internal.AnnotatedColumn  : Binding column: AnnotatedColumn()
2024-08-26T13:23:29.695+02:00 DEBUG 10764 --- [web-shop] [           main] o.h.boot.model.internal.PropertyBinder   : MetadataSourceProcessor property quantity with lazy=false
2024-08-26T13:23:29.695+02:00 DEBUG 10764 --- [web-shop] [           main] o.h.b.m.internal.AbstractPropertyHolder  : Attempting to locate auto-apply AttributeConverter for property [com.webshop.main.models.CartItem:quantity]
2024-08-26T13:23:29.696+02:00 DEBUG 10764 --- [web-shop] [           main] o.h.b.model.internal.BasicValueBinder    : building BasicValue for quantity
2024-08-26T13:23:29.696+02:00 DEBUG 10764 --- [web-shop] [           main] org.hibernate.mapping.BasicValue         : Skipping column re-registration: cart_items.quantity
2024-08-26T13:23:29.696+02:00 DEBUG 10764 --- [web-shop] [           main] o.h.boot.model.internal.PropertyBinder   : Building property quantity
2024-08-26T13:23:29.699+02:00 DEBUG 10764 --- [web-shop] [           main] o.h.boot.model.internal.AnnotatedColumn  : Binding column: AnnotatedJoinColumn(column='shopping_cart_id')
2024-08-26T13:23:29.699+02:00 DEBUG 10764 --- [web-shop] [           main] o.h.boot.model.internal.AnnotatedColumn  : Binding column: AnnotatedColumn()
2024-08-26T13:23:29.710+02:00 DEBUG 10764 --- [web-shop] [           main] o.h.boot.model.internal.PropertyBinder   : Building property shoppingCart
2024-08-26T13:23:29.731+02:00 DEBUG 10764 --- [web-shop] [           main] o.h.boot.model.internal.EntityBinder     : Binding entity from annotated class: com.webshop.main.models.Order
2024-08-26T13:23:29.731+02:00 DEBUG 10764 --- [web-shop] [           main] o.h.boot.model.internal.EntityBinder     : Import with entity name Order
2024-08-26T13:23:29.731+02:00 DEBUG 10764 --- [web-shop] [           main] o.h.boot.model.internal.EntityBinder     : Bind entity com.webshop.main.models.Order on table orders
2024-08-26T13:23:29.732+02:00 DEBUG 10764 --- [web-shop] [           main] o.h.boot.model.internal.AnnotatedColumn  : Binding column: AnnotatedDiscriminatorColumn(column='DTYPE')
2024-08-26T13:23:29.737+02:00 DEBUG 10764 --- [web-shop] [           main] o.h.boot.model.internal.AnnotatedColumn  : Binding column: AnnotatedColumn()
2024-08-26T13:23:29.737+02:00 DEBUG 10764 --- [web-shop] [           main] o.h.boot.internal.ClassLoaderAccessImpl  : Not known whether passed class name [com.webshop.main.models.Order] is safe
2024-08-26T13:23:29.737+02:00 DEBUG 10764 --- [web-shop] [           main] o.h.boot.internal.ClassLoaderAccessImpl  : No temp ClassLoader provided; using live ClassLoader for loading potentially unsafe class : com.webshop.main.models.Order
2024-08-26T13:23:29.738+02:00 DEBUG 10764 --- [web-shop] [           main] o.h.boot.model.internal.PropertyBinder   : MetadataSourceProcessor property id with lazy=false
2024-08-26T13:23:29.738+02:00 DEBUG 10764 --- [web-shop] [           main] o.h.b.m.internal.AbstractPropertyHolder  : Attempting to locate auto-apply AttributeConverter for property [com.webshop.main.models.Order:id]
2024-08-26T13:23:29.738+02:00 DEBUG 10764 --- [web-shop] [           main] o.h.b.model.internal.BasicValueBinder    : building BasicValue for id
2024-08-26T13:23:29.738+02:00 DEBUG 10764 --- [web-shop] [           main] org.hibernate.mapping.BasicValue         : Skipping column re-registration: orders.id
2024-08-26T13:23:29.738+02:00 DEBUG 10764 --- [web-shop] [           main] o.h.boot.model.internal.PropertyBinder   : Building property id
2024-08-26T13:23:29.738+02:00 DEBUG 10764 --- [web-shop] [           main] o.h.boot.model.internal.BinderHelper     : #makeIdGenerator(BasicValue([Column(id)]), id, identity, , ...)
2024-08-26T13:23:29.739+02:00 DEBUG 10764 --- [web-shop] [           main] o.h.boot.model.internal.AnnotatedColumn  : Binding column: AnnotatedJoinColumn()
2024-08-26T13:23:29.739+02:00 DEBUG 10764 --- [web-shop] [           main] o.h.boot.model.internal.AnnotatedColumn  : Binding column: AnnotatedColumn()
2024-08-26T13:23:29.752+02:00 DEBUG 10764 --- [web-shop] [           main] o.h.boot.model.internal.AnnotatedColumn  : Binding column: IndexColumn(column='orderItems_ORDER')
2024-08-26T13:23:29.760+02:00 DEBUG 10764 --- [web-shop] [           main] o.h.boot.model.internal.AnnotatedColumn  : Binding column: AnnotatedColumn()
2024-08-26T13:23:29.761+02:00 DEBUG 10764 --- [web-shop] [           main] o.h.boot.model.internal.AnnotatedColumn  : Binding column: AnnotatedColumn(column='orderItems_KEY')
2024-08-26T13:23:29.761+02:00 DEBUG 10764 --- [web-shop] [           main] o.h.boot.model.internal.AnnotatedColumn  : Binding column: AnnotatedJoinColumn(column='orderItems_KEY')
2024-08-26T13:23:29.762+02:00 DEBUG 10764 --- [web-shop] [           main] o.h.boot.model.internal.AnnotatedColumn  : Binding column: AnnotatedJoinColumn()
2024-08-26T13:23:29.762+02:00 DEBUG 10764 --- [web-shop] [           main] o.h.boot.model.internal.AnnotatedColumn  : Binding column: AnnotatedJoinColumn()
2024-08-26T13:23:29.768+02:00 DEBUG 10764 --- [web-shop] [           main] o.h.b.model.internal.CollectionBinder    : Collection role: com.webshop.main.models.Order.orderItems
2024-08-26T13:23:29.772+02:00 DEBUG 10764 --- [web-shop] [           main] o.h.boot.model.internal.PropertyBinder   : Building property orderItems
2024-08-26T13:23:29.773+02:00 DEBUG 10764 --- [web-shop] [           main] o.h.boot.model.internal.AnnotatedColumn  : Binding column: AnnotatedJoinColumn()
2024-08-26T13:23:29.773+02:00 DEBUG 10764 --- [web-shop] [           main] o.h.boot.model.internal.AnnotatedColumn  : Binding column: AnnotatedColumn()
2024-08-26T13:23:29.774+02:00 DEBUG 10764 --- [web-shop] [           main] o.h.boot.model.internal.PropertyBinder   : Building property orderer
2024-08-26T13:23:29.774+02:00 DEBUG 10764 --- [web-shop] [           main] o.h.boot.model.internal.AnnotatedColumn  : Binding column: AnnotatedColumn()
2024-08-26T13:23:29.774+02:00 DEBUG 10764 --- [web-shop] [           main] o.h.boot.model.internal.PropertyBinder   : MetadataSourceProcessor property totalPrice with lazy=false
2024-08-26T13:23:29.774+02:00 DEBUG 10764 --- [web-shop] [           main] o.h.b.m.internal.AbstractPropertyHolder  : Attempting to locate auto-apply AttributeConverter for property [com.webshop.main.models.Order:totalPrice]
2024-08-26T13:23:29.775+02:00 DEBUG 10764 --- [web-shop] [           main] o.h.b.model.internal.BasicValueBinder    : building BasicValue for totalPrice
2024-08-26T13:23:29.775+02:00 DEBUG 10764 --- [web-shop] [           main] org.hibernate.mapping.BasicValue         : Skipping column re-registration: orders.total_price
2024-08-26T13:23:29.776+02:00 DEBUG 10764 --- [web-shop] [           main] o.h.boot.model.internal.PropertyBinder   : Building property totalPrice
2024-08-26T13:23:29.776+02:00 DEBUG 10764 --- [web-shop] [           main] o.h.boot.model.internal.AnnotatedColumn  : Binding column: AnnotatedJoinColumn(column='user_id')
2024-08-26T13:23:29.776+02:00 DEBUG 10764 --- [web-shop] [           main] o.h.boot.model.internal.AnnotatedColumn  : Binding column: AnnotatedColumn()
2024-08-26T13:23:29.776+02:00 DEBUG 10764 --- [web-shop] [           main] o.h.boot.model.internal.PropertyBinder   : Building property user
2024-08-26T13:23:29.779+02:00 DEBUG 10764 --- [web-shop] [           main] o.h.boot.model.internal.EntityBinder     : Binding entity from annotated class: com.webshop.main.models.OrdererInfo
2024-08-26T13:23:29.780+02:00 DEBUG 10764 --- [web-shop] [           main] o.h.boot.model.internal.EntityBinder     : Import with entity name OrdererInfo
2024-08-26T13:23:29.780+02:00 DEBUG 10764 --- [web-shop] [           main] o.h.boot.model.internal.EntityBinder     : Bind entity com.webshop.main.models.OrdererInfo on table orderer_info
2024-08-26T13:23:29.784+02:00 DEBUG 10764 --- [web-shop] [           main] o.h.boot.model.internal.AnnotatedColumn  : Binding column: AnnotatedDiscriminatorColumn(column='DTYPE')
2024-08-26T13:23:29.790+02:00 DEBUG 10764 --- [web-shop] [           main] o.h.boot.model.internal.AnnotatedColumn  : Binding column: AnnotatedColumn()
2024-08-26T13:23:29.791+02:00 DEBUG 10764 --- [web-shop] [           main] o.h.boot.internal.ClassLoaderAccessImpl  : Not known whether passed class name [com.webshop.main.models.OrdererInfo] is safe
2024-08-26T13:23:29.791+02:00 DEBUG 10764 --- [web-shop] [           main] o.h.boot.internal.ClassLoaderAccessImpl  : No temp ClassLoader provided; using live ClassLoader for loading potentially unsafe class : com.webshop.main.models.OrdererInfo
2024-08-26T13:23:29.791+02:00 DEBUG 10764 --- [web-shop] [           main] o.h.boot.model.internal.PropertyBinder   : MetadataSourceProcessor property id with lazy=false
2024-08-26T13:23:29.791+02:00 DEBUG 10764 --- [web-shop] [           main] o.h.b.m.internal.AbstractPropertyHolder  : Attempting to locate auto-apply AttributeConverter for property [com.webshop.main.models.OrdererInfo:id]
2024-08-26T13:23:29.791+02:00 DEBUG 10764 --- [web-shop] [           main] o.h.b.model.internal.BasicValueBinder    : building BasicValue for id
2024-08-26T13:23:29.791+02:00 DEBUG 10764 --- [web-shop] [           main] org.hibernate.mapping.BasicValue         : Skipping column re-registration: orderer_info.id
2024-08-26T13:23:29.791+02:00 DEBUG 10764 --- [web-shop] [           main] o.h.boot.model.internal.PropertyBinder   : Building property id
2024-08-26T13:23:29.791+02:00 DEBUG 10764 --- [web-shop] [           main] o.h.boot.model.internal.BinderHelper     : #makeIdGenerator(BasicValue([Column(id)]), id, identity, , ...)
2024-08-26T13:23:29.794+02:00 DEBUG 10764 --- [web-shop] [           main] o.h.boot.model.internal.AnnotatedColumn  : Binding column: AnnotatedColumn()
2024-08-26T13:23:29.794+02:00 DEBUG 10764 --- [web-shop] [           main] o.h.boot.model.internal.PropertyBinder   : MetadataSourceProcessor property city with lazy=false
2024-08-26T13:23:29.794+02:00 DEBUG 10764 --- [web-shop] [           main] o.h.b.m.internal.AbstractPropertyHolder  : Attempting to locate auto-apply AttributeConverter for property [com.webshop.main.models.OrdererInfo:city]
2024-08-26T13:23:29.794+02:00 DEBUG 10764 --- [web-shop] [           main] o.h.b.model.internal.BasicValueBinder    : building BasicValue for city
2024-08-26T13:23:29.794+02:00 DEBUG 10764 --- [web-shop] [           main] org.hibernate.mapping.BasicValue         : Skipping column re-registration: orderer_info.city
2024-08-26T13:23:29.795+02:00 DEBUG 10764 --- [web-shop] [           main] o.h.boot.model.internal.PropertyBinder   : Building property city
2024-08-26T13:23:29.795+02:00 DEBUG 10764 --- [web-shop] [           main] o.h.boot.model.internal.AnnotatedColumn  : Binding column: AnnotatedColumn()
2024-08-26T13:23:29.795+02:00 DEBUG 10764 --- [web-shop] [           main] o.h.boot.model.internal.PropertyBinder   : MetadataSourceProcessor property email with lazy=false
2024-08-26T13:23:29.795+02:00 DEBUG 10764 --- [web-shop] [           main] o.h.b.m.internal.AbstractPropertyHolder  : Attempting to locate auto-apply AttributeConverter for property [com.webshop.main.models.OrdererInfo:email]
2024-08-26T13:23:29.795+02:00 DEBUG 10764 --- [web-shop] [           main] o.h.b.model.internal.BasicValueBinder    : building BasicValue for email
2024-08-26T13:23:29.796+02:00 DEBUG 10764 --- [web-shop] [           main] org.hibernate.mapping.BasicValue         : Skipping column re-registration: orderer_info.email
2024-08-26T13:23:29.796+02:00 DEBUG 10764 --- [web-shop] [           main] o.h.boot.model.internal.PropertyBinder   : Building property email
2024-08-26T13:23:29.796+02:00 DEBUG 10764 --- [web-shop] [           main] o.h.boot.model.internal.AnnotatedColumn  : Binding column: AnnotatedColumn()
2024-08-26T13:23:29.796+02:00 DEBUG 10764 --- [web-shop] [           main] o.h.boot.model.internal.PropertyBinder   : MetadataSourceProcessor property firstAndLastName with lazy=false
2024-08-26T13:23:29.797+02:00 DEBUG 10764 --- [web-shop] [           main] o.h.b.m.internal.AbstractPropertyHolder  : Attempting to locate auto-apply AttributeConverter for property [com.webshop.main.models.OrdererInfo:firstAndLastName]
2024-08-26T13:23:29.797+02:00 DEBUG 10764 --- [web-shop] [           main] o.h.b.model.internal.BasicValueBinder    : building BasicValue for firstAndLastName
2024-08-26T13:23:29.797+02:00 DEBUG 10764 --- [web-shop] [           main] org.hibernate.mapping.BasicValue         : Skipping column re-registration: orderer_info.first_and_last_name
2024-08-26T13:23:29.797+02:00 DEBUG 10764 --- [web-shop] [           main] o.h.boot.model.internal.PropertyBinder   : Building property firstAndLastName
2024-08-26T13:23:29.797+02:00 DEBUG 10764 --- [web-shop] [           main] o.h.boot.model.internal.AnnotatedColumn  : Binding column: AnnotatedJoinColumn()
2024-08-26T13:23:29.798+02:00 DEBUG 10764 --- [web-shop] [           main] o.h.boot.model.internal.AnnotatedColumn  : Binding column: AnnotatedColumn()
2024-08-26T13:23:29.798+02:00 DEBUG 10764 --- [web-shop] [           main] o.h.boot.model.internal.PropertyBinder   : Building property order
2024-08-26T13:23:29.798+02:00 DEBUG 10764 --- [web-shop] [           main] o.h.boot.model.internal.AnnotatedColumn  : Binding column: AnnotatedColumn()
2024-08-26T13:23:29.799+02:00 DEBUG 10764 --- [web-shop] [           main] o.h.boot.model.internal.PropertyBinder   : MetadataSourceProcessor property phoneNumber with lazy=false
2024-08-26T13:23:29.799+02:00 DEBUG 10764 --- [web-shop] [           main] o.h.b.m.internal.AbstractPropertyHolder  : Attempting to locate auto-apply AttributeConverter for property [com.webshop.main.models.OrdererInfo:phoneNumber]
2024-08-26T13:23:29.799+02:00 DEBUG 10764 --- [web-shop] [           main] o.h.b.model.internal.BasicValueBinder    : building BasicValue for phoneNumber
2024-08-26T13:23:29.799+02:00 DEBUG 10764 --- [web-shop] [           main] org.hibernate.mapping.BasicValue         : Skipping column re-registration: orderer_info.phone_number
2024-08-26T13:23:29.799+02:00 DEBUG 10764 --- [web-shop] [           main] o.h.boot.model.internal.PropertyBinder   : Building property phoneNumber
2024-08-26T13:23:29.800+02:00 DEBUG 10764 --- [web-shop] [           main] o.h.boot.model.internal.AnnotatedColumn  : Binding column: AnnotatedColumn()
2024-08-26T13:23:29.800+02:00 DEBUG 10764 --- [web-shop] [           main] o.h.boot.model.internal.PropertyBinder   : MetadataSourceProcessor property shippingAddress with lazy=false
2024-08-26T13:23:29.800+02:00 DEBUG 10764 --- [web-shop] [           main] o.h.b.m.internal.AbstractPropertyHolder  : Attempting to locate auto-apply AttributeConverter for property [com.webshop.main.models.OrdererInfo:shippingAddress]
2024-08-26T13:23:29.800+02:00 DEBUG 10764 --- [web-shop] [           main] o.h.b.model.internal.BasicValueBinder    : building BasicValue for shippingAddress
2024-08-26T13:23:29.800+02:00 DEBUG 10764 --- [web-shop] [           main] org.hibernate.mapping.BasicValue         : Skipping column re-registration: orderer_info.shipping_address
2024-08-26T13:23:29.801+02:00 DEBUG 10764 --- [web-shop] [           main] o.h.boot.model.internal.PropertyBinder   : Building property shippingAddress
2024-08-26T13:23:29.801+02:00 DEBUG 10764 --- [web-shop] [           main] o.h.boot.model.internal.AnnotatedColumn  : Binding column: AnnotatedColumn()
2024-08-26T13:23:29.801+02:00 DEBUG 10764 --- [web-shop] [           main] o.h.boot.model.internal.PropertyBinder   : MetadataSourceProcessor property zIPCode with lazy=false
2024-08-26T13:23:29.801+02:00 DEBUG 10764 --- [web-shop] [           main] o.h.b.m.internal.AbstractPropertyHolder  : Attempting to locate auto-apply AttributeConverter for property [com.webshop.main.models.OrdererInfo:zIPCode]
2024-08-26T13:23:29.801+02:00 DEBUG 10764 --- [web-shop] [           main] o.h.b.model.internal.BasicValueBinder    : building BasicValue for zIPCode
2024-08-26T13:23:29.801+02:00 DEBUG 10764 --- [web-shop] [           main] org.hibernate.mapping.BasicValue         : Skipping column re-registration: orderer_info.zipcode
2024-08-26T13:23:29.802+02:00 DEBUG 10764 --- [web-shop] [           main] o.h.boot.model.internal.PropertyBinder   : Building property zIPCode
2024-08-26T13:23:29.802+02:00 DEBUG 10764 --- [web-shop] [           main] o.h.boot.model.internal.EntityBinder     : Binding entity from annotated class: com.webshop.main.models.OrderItem
2024-08-26T13:23:29.803+02:00 DEBUG 10764 --- [web-shop] [           main] o.h.boot.model.internal.EntityBinder     : Import with entity name OrderItem
2024-08-26T13:23:29.803+02:00 DEBUG 10764 --- [web-shop] [           main] o.h.boot.model.internal.EntityBinder     : Bind entity com.webshop.main.models.OrderItem on table order_items
2024-08-26T13:23:29.804+02:00 DEBUG 10764 --- [web-shop] [           main] o.h.boot.model.internal.AnnotatedColumn  : Binding column: AnnotatedDiscriminatorColumn(column='DTYPE')
2024-08-26T13:23:29.806+02:00 DEBUG 10764 --- [web-shop] [           main] o.h.boot.model.internal.AnnotatedColumn  : Binding column: AnnotatedColumn()
2024-08-26T13:23:29.806+02:00 DEBUG 10764 --- [web-shop] [           main] o.h.boot.internal.ClassLoaderAccessImpl  : Not known whether passed class name [com.webshop.main.models.OrderItem] is safe
2024-08-26T13:23:29.806+02:00 DEBUG 10764 --- [web-shop] [           main] o.h.boot.internal.ClassLoaderAccessImpl  : No temp ClassLoader provided; using live ClassLoader for loading potentially unsafe class : com.webshop.main.models.OrderItem
2024-08-26T13:23:29.806+02:00 DEBUG 10764 --- [web-shop] [           main] o.h.boot.model.internal.PropertyBinder   : MetadataSourceProcessor property id with lazy=false
2024-08-26T13:23:29.806+02:00 DEBUG 10764 --- [web-shop] [           main] o.h.b.m.internal.AbstractPropertyHolder  : Attempting to locate auto-apply AttributeConverter for property [com.webshop.main.models.OrderItem:id]
2024-08-26T13:23:29.807+02:00 DEBUG 10764 --- [web-shop] [           main] o.h.b.model.internal.BasicValueBinder    : building BasicValue for id
2024-08-26T13:23:29.807+02:00 DEBUG 10764 --- [web-shop] [           main] org.hibernate.mapping.BasicValue         : Skipping column re-registration: order_items.id
2024-08-26T13:23:29.807+02:00 DEBUG 10764 --- [web-shop] [           main] o.h.boot.model.internal.PropertyBinder   : Building property id
2024-08-26T13:23:29.807+02:00 DEBUG 10764 --- [web-shop] [           main] o.h.boot.model.internal.BinderHelper     : #makeIdGenerator(BasicValue([Column(id)]), id, identity, , ...)
2024-08-26T13:23:29.807+02:00 DEBUG 10764 --- [web-shop] [           main] o.h.boot.model.internal.AnnotatedColumn  : Binding column: AnnotatedJoinColumn(column='order_id')
2024-08-26T13:23:29.808+02:00 DEBUG 10764 --- [web-shop] [           main] o.h.boot.model.internal.AnnotatedColumn  : Binding column: AnnotatedColumn()
2024-08-26T13:23:29.808+02:00 DEBUG 10764 --- [web-shop] [           main] o.h.boot.model.internal.PropertyBinder   : Building property order
2024-08-26T13:23:29.809+02:00 DEBUG 10764 --- [web-shop] [           main] o.h.boot.model.internal.AnnotatedColumn  : Binding column: AnnotatedColumn()
2024-08-26T13:23:29.809+02:00 DEBUG 10764 --- [web-shop] [           main] o.h.boot.model.internal.PropertyBinder   : MetadataSourceProcessor property photoUrl with lazy=false
2024-08-26T13:23:29.809+02:00 DEBUG 10764 --- [web-shop] [           main] o.h.b.m.internal.AbstractPropertyHolder  : Attempting to locate auto-apply AttributeConverter for property [com.webshop.main.models.OrderItem:photoUrl]
2024-08-26T13:23:29.809+02:00 DEBUG 10764 --- [web-shop] [           main] o.h.b.model.internal.BasicValueBinder    : building BasicValue for photoUrl
2024-08-26T13:23:29.809+02:00 DEBUG 10764 --- [web-shop] [           main] org.hibernate.mapping.BasicValue         : Skipping column re-registration: order_items.photo_url
2024-08-26T13:23:29.809+02:00 DEBUG 10764 --- [web-shop] [           main] o.h.boot.model.internal.PropertyBinder   : Building property photoUrl
2024-08-26T13:23:29.809+02:00 DEBUG 10764 --- [web-shop] [           main] o.h.boot.model.internal.AnnotatedColumn  : Binding column: AnnotatedColumn()
2024-08-26T13:23:29.810+02:00 DEBUG 10764 --- [web-shop] [           main] o.h.boot.model.internal.PropertyBinder   : MetadataSourceProcessor property price with lazy=false
2024-08-26T13:23:29.810+02:00 DEBUG 10764 --- [web-shop] [           main] o.h.b.m.internal.AbstractPropertyHolder  : Attempting to locate auto-apply AttributeConverter for property [com.webshop.main.models.OrderItem:price]
2024-08-26T13:23:29.810+02:00 DEBUG 10764 --- [web-shop] [           main] o.h.b.model.internal.BasicValueBinder    : building BasicValue for price
2024-08-26T13:23:29.810+02:00 DEBUG 10764 --- [web-shop] [           main] org.hibernate.mapping.BasicValue         : Skipping column re-registration: order_items.price
2024-08-26T13:23:29.810+02:00 DEBUG 10764 --- [web-shop] [           main] o.h.boot.model.internal.PropertyBinder   : Building property price
2024-08-26T13:23:29.811+02:00 DEBUG 10764 --- [web-shop] [           main] o.h.boot.model.internal.AnnotatedColumn  : Binding column: AnnotatedColumn()
2024-08-26T13:23:29.811+02:00 DEBUG 10764 --- [web-shop] [           main] o.h.boot.model.internal.PropertyBinder   : MetadataSourceProcessor property productCategory with lazy=false
2024-08-26T13:23:29.811+02:00 DEBUG 10764 --- [web-shop] [           main] o.h.b.m.internal.AbstractPropertyHolder  : Attempting to locate auto-apply AttributeConverter for property [com.webshop.main.models.OrderItem:productCategory]
2024-08-26T13:23:29.811+02:00 DEBUG 10764 --- [web-shop] [           main] o.h.b.model.internal.BasicValueBinder    : building BasicValue for productCategory
2024-08-26T13:23:29.811+02:00 DEBUG 10764 --- [web-shop] [           main] org.hibernate.mapping.BasicValue         : Skipping column re-registration: order_items.product_category
2024-08-26T13:23:29.811+02:00 DEBUG 10764 --- [web-shop] [           main] o.h.boot.model.internal.PropertyBinder   : Building property productCategory
2024-08-26T13:23:29.812+02:00 DEBUG 10764 --- [web-shop] [           main] o.h.boot.model.internal.AnnotatedColumn  : Binding column: AnnotatedColumn()
2024-08-26T13:23:29.812+02:00 DEBUG 10764 --- [web-shop] [           main] o.h.boot.model.internal.PropertyBinder   : MetadataSourceProcessor property productId with lazy=false
2024-08-26T13:23:29.812+02:00 DEBUG 10764 --- [web-shop] [           main] o.h.b.m.internal.AbstractPropertyHolder  : Attempting to locate auto-apply AttributeConverter for property [com.webshop.main.models.OrderItem:productId]
2024-08-26T13:23:29.812+02:00 DEBUG 10764 --- [web-shop] [           main] o.h.b.model.internal.BasicValueBinder    : building BasicValue for productId
2024-08-26T13:23:29.812+02:00 DEBUG 10764 --- [web-shop] [           main] org.hibernate.mapping.BasicValue         : Skipping column re-registration: order_items.product_id
2024-08-26T13:23:29.812+02:00 DEBUG 10764 --- [web-shop] [           main] o.h.boot.model.internal.PropertyBinder   : Building property productId
2024-08-26T13:23:29.813+02:00 DEBUG 10764 --- [web-shop] [           main] o.h.boot.model.internal.AnnotatedColumn  : Binding column: AnnotatedColumn()
2024-08-26T13:23:29.813+02:00 DEBUG 10764 --- [web-shop] [           main] o.h.boot.model.internal.PropertyBinder   : MetadataSourceProcessor property productName with lazy=false
2024-08-26T13:23:29.813+02:00 DEBUG 10764 --- [web-shop] [           main] o.h.b.m.internal.AbstractPropertyHolder  : Attempting to locate auto-apply AttributeConverter for property [com.webshop.main.models.OrderItem:productName]
2024-08-26T13:23:29.813+02:00 DEBUG 10764 --- [web-shop] [           main] o.h.b.model.internal.BasicValueBinder    : building BasicValue for productName
2024-08-26T13:23:29.813+02:00 DEBUG 10764 --- [web-shop] [           main] org.hibernate.mapping.BasicValue         : Skipping column re-registration: order_items.product_name
2024-08-26T13:23:29.813+02:00 DEBUG 10764 --- [web-shop] [           main] o.h.boot.model.internal.PropertyBinder   : Building property productName
2024-08-26T13:23:29.814+02:00 DEBUG 10764 --- [web-shop] [           main] o.h.boot.model.internal.AnnotatedColumn  : Binding column: AnnotatedColumn()
2024-08-26T13:23:29.814+02:00 DEBUG 10764 --- [web-shop] [           main] o.h.boot.model.internal.PropertyBinder   : MetadataSourceProcessor property quantity with lazy=false
[...]
	at org.springframework.beans.factory.support.AbstractBeanFactory.lambda$doGetBean$0(AbstractBeanFactory.java:337) ~[spring-beans-6.1.11.jar:6.1.11]
	at org.springframework.beans.factory.support.DefaultSingletonBeanRegistry.getSingleton(DefaultSingletonBeanRegistry.java:234) ~[spring-beans-6.1.11.jar:6.1.11]
	at org.springframework.beans.factory.support.AbstractBeanFactory.doGetBean(AbstractBeanFactory.java:335) ~[spring-beans-6.1.11.jar:6.1.11]
	at org.springframework.beans.factory.support.AbstractBeanFactory.getBean(AbstractBeanFactory.java:200) ~[spring-beans-6.1.11.jar:6.1.11]
	at org.springframework.beans.factory.config.DependencyDescriptor.resolveCandidate(DependencyDescriptor.java:254) ~[spring-beans-6.1.11.jar:6.1.11]
	at org.springframework.beans.factory.support.DefaultListableBeanFactory.doResolveDependency(DefaultListableBeanFactory.java:1443) ~[spring-beans-6.1.11.jar:6.1.11]
	at org.springframework.beans.factory.support.DefaultListableBeanFactory.resolveDependency(DefaultListableBeanFactory.java:1353) ~[spring-beans-6.1.11.jar:6.1.11]
	at org.springframework.beans.factory.support.ConstructorResolver.resolveAutowiredArgument(ConstructorResolver.java:904) ~[spring-beans-6.1.11.jar:6.1.11]
	at org.springframework.beans.factory.support.ConstructorResolver.createArgumentArray(ConstructorResolver.java:782) ~[spring-beans-6.1.11.jar:6.1.11]
	at org.springframework.beans.factory.support.ConstructorResolver.autowireConstructor(ConstructorResolver.java:237) ~[spring-beans-6.1.11.jar:6.1.11]
	at org.springframework.beans.factory.support.AbstractAutowireCapableBeanFactory.autowireConstructor(AbstractAutowireCapableBeanFactory.java:1375) ~[spring-beans-6.1.11.jar:6.1.11]
	at org.springframework.beans.factory.support.AbstractAutowireCapableBeanFactory.createBeanInstance(AbstractAutowireCapableBeanFactory.java:1212) ~[spring-beans-6.1.11.jar:6.1.11]
	at org.springframework.beans.factory.support.AbstractAutowireCapableBeanFactory.doCreateBean(AbstractAutowireCapableBeanFactory.java:562) ~[spring-beans-6.1.11.jar:6.1.11]
	at org.springframework.beans.factory.support.AbstractAutowireCapableBeanFactory.createBean(AbstractAutowireCapableBeanFactory.java:522) ~[spring-beans-6.1.11.jar:6.1.11]
	at org.springframework.beans.factory.support.AbstractBeanFactory.lambda$doGetBean$0(AbstractBeanFactory.java:337) ~[spring-beans-6.1.11.jar:6.1.11]
	at org.springframework.beans.factory.support.DefaultSingletonBeanRegistry.getSingleton(DefaultSingletonBeanRegistry.java:234) ~[spring-beans-6.1.11.jar:6.1.11]
	at org.springframework.beans.factory.support.AbstractBeanFactory.doGetBean(AbstractBeanFactory.java:335) ~[spring-beans-6.1.11.jar:6.1.11]
	at org.springframework.beans.factory.support.AbstractBeanFactory.getBean(AbstractBeanFactory.java:200) ~[spring-beans-6.1.11.jar:6.1.11]
	at org.springframework.beans.factory.support.DefaultListableBeanFactory.preInstantiateSingletons(DefaultListableBeanFactory.java:975) ~[spring-beans-6.1.11.jar:6.1.11]
	at org.springframework.context.support.AbstractApplicationContext.finishBeanFactoryInitialization(AbstractApplicationContext.java:971) ~[spring-context-6.1.11.jar:6.1.11]
	at org.springframework.context.support.AbstractApplicationContext.refresh(AbstractApplicationContext.java:625) ~[spring-context-6.1.11.jar:6.1.11]
	at org.springframework.boot.SpringApplication.refresh(SpringApplication.java:754) ~[spring-boot-3.3.2.jar:3.3.2]
	at org.springframework.boot.SpringApplication.refreshContext(SpringApplication.java:456) ~[spring-boot-3.3.2.jar:3.3.2]
	at org.springframework.boot.SpringApplication.run(SpringApplication.java:335) ~[spring-boot-3.3.2.jar:3.3.2]
	at org.springframework.boot.test.context.SpringBootContextLoader.lambda$loadContext$3(SpringBootContextLoader.java:137) ~[spring-boot-test-3.3.2.jar:3.3.2]
	at org.springframework.util.function.ThrowingSupplier.get(ThrowingSupplier.java:58) ~[spring-core-6.1.11.jar:6.1.11]
	at org.springframework.util.function.ThrowingSupplier.get(ThrowingSupplier.java:46) ~[spring-core-6.1.11.jar:6.1.11]
	at org.springframework.boot.SpringApplication.withHook(SpringApplication.java:1463) ~[spring-boot-3.3.2.jar:3.3.2]
	at org.springframework.boot.test.context.SpringBootContextLoader$ContextLoaderHook.run(SpringBootContextLoader.java:553) ~[spring-boot-test-3.3.2.jar:3.3.2]
	at org.springframework.boot.test.context.SpringBootContextLoader.loadContext(SpringBootContextLoader.java:137) ~[spring-boot-test-3.3.2.jar:3.3.2]
	at org.springframework.boot.test.context.SpringBootContextLoader.loadContext(SpringBootContextLoader.java:108) ~[spring-boot-test-3.3.2.jar:3.3.2]
	at org.springframework.test.context.cache.DefaultCacheAwareContextLoaderDelegate.loadContextInternal(DefaultCacheAwareContextLoaderDelegate.java:225) ~[spring-test-6.1.11.jar:6.1.11]
	at org.springframework.test.context.cache.DefaultCacheAwareContextLoaderDelegate.loadContext(DefaultCacheAwareContextLoaderDelegate.java:152) ~[spring-test-6.1.11.jar:6.1.11]
	at org.springframework.test.context.support.DefaultTestContext.getApplicationContext(DefaultTestContext.java:130) ~[spring-test-6.1.11.jar:6.1.11]
	at org.springframework.test.context.web.ServletTestExecutionListener.setUpRequestContextIfNecessary(ServletTestExecutionListener.java:191) ~[spring-test-6.1.11.jar:6.1.11]
	at org.springframework.test.context.web.ServletTestExecutionListener.prepareTestInstance(ServletTestExecutionListener.java:130) ~[spring-test-6.1.11.jar:6.1.11]
	at org.springframework.test.context.TestContextManager.prepareTestInstance(TestContextManager.java:260) ~[spring-test-6.1.11.jar:6.1.11]
	at org.springframework.test.context.junit.jupiter.SpringExtension.postProcessTestInstance(SpringExtension.java:163) ~[spring-test-6.1.11.jar:6.1.11]
	at org.junit.jupiter.engine.descriptor.ClassBasedTestDescriptor.lambda$invokeTestInstancePostProcessors$10(ClassBasedTestDescriptor.java:378) ~[junit-jupiter-engine-5.10.3.jar:5.10.3]
	at org.junit.jupiter.engine.descriptor.ClassBasedTestDescriptor.executeAndMaskThrowable(ClassBasedTestDescriptor.java:383) ~[junit-jupiter-engine-5.10.3.jar:5.10.3]
	at org.junit.jupiter.engine.descriptor.ClassBasedTestDescriptor.lambda$invokeTestInstancePostProcessors$11(ClassBasedTestDescriptor.java:378) ~[junit-jupiter-engine-5.10.3.jar:5.10.3]
	at java.base/java.util.stream.ReferencePipeline$3$1.accept(ReferencePipeline.java:197) ~[na:na]
	at java.base/java.util.stream.ReferencePipeline$2$1.accept(ReferencePipeline.java:179) ~[na:na]
	at java.base/java.util.ArrayList$ArrayListSpliterator.forEachRemaining(ArrayList.java:1625) ~[na:na]
	at java.base/java.util.stream.AbstractPipeline.copyInto(AbstractPipeline.java:509) ~[na:na]
	at java.base/java.util.stream.AbstractPipeline.wrapAndCopyInto(AbstractPipeline.java:499) ~[na:na]
	at java.base/java.util.stream.StreamSpliterators$WrappingSpliterator.forEachRemaining(StreamSpliterators.java:310) ~[na:na]
	at java.base/java.util.stream.Streams$ConcatSpliterator.forEachRemaining(Streams.java:735) ~[na:na]
	at java.base/java.util.stream.Streams$ConcatSpliterator.forEachRemaining(Streams.java:734) ~[na:na]
	at java.base/java.util.stream.ReferencePipeline$Head.forEach(ReferencePipeline.java:762) ~[na:na]
	at org.junit.jupiter.engine.descriptor.ClassBasedTestDescriptor.invokeTestInstancePostProcessors(ClassBasedTestDescriptor.java:377) ~[junit-jupiter-engine-5.10.3.jar:5.10.3]
	at org.junit.jupiter.engine.descriptor.ClassBasedTestDescriptor.lambda$instantiateAndPostProcessTestInstance$6(ClassBasedTestDescriptor.java:290) ~[junit-jupiter-engine-5.10.3.jar:5.10.3]
	at org.junit.platform.engine.support.hierarchical.ThrowableCollector.execute(ThrowableCollector.java:73) ~[junit-platform-engine-1.10.3.jar:1.10.3]
	at org.junit.jupiter.engine.descriptor.ClassBasedTestDescriptor.instantiateAndPostProcessTestInstance(ClassBasedTestDescriptor.java:289) ~[junit-jupiter-engine-5.10.3.jar:5.10.3]
	at org.junit.jupiter.engine.descriptor.ClassBasedTestDescriptor.lambda$testInstancesProvider$4(ClassBasedTestDescriptor.java:279) ~[junit-jupiter-engine-5.10.3.jar:5.10.3]
	at java.base/java.util.Optional.orElseGet(Optional.java:364) ~[na:na]
	at org.junit.jupiter.engine.descriptor.ClassBasedTestDescriptor.lambda$testInstancesProvider$5(ClassBasedTestDescriptor.java:278) ~[junit-jupiter-engine-5.10.3.jar:5.10.3]
	at org.junit.jupiter.engine.execution.TestInstancesProvider.getTestInstances(TestInstancesProvider.java:31) ~[junit-jupiter-engine-5.10.3.jar:5.10.3]
	at org.junit.jupiter.engine.descriptor.TestMethodTestDescriptor.lambda$prepare$0(TestMethodTestDescriptor.java:106) ~[junit-jupiter-engine-5.10.3.jar:5.10.3]
	at org.junit.platform.engine.support.hierarchical.ThrowableCollector.execute(ThrowableCollector.java:73) ~[junit-platform-engine-1.10.3.jar:1.10.3]
	at org.junit.jupiter.engine.descriptor.TestMethodTestDescriptor.prepare(TestMethodTestDescriptor.java:105) ~[junit-jupiter-engine-5.10.3.jar:5.10.3]
	at org.junit.jupiter.engine.descriptor.TestMethodTestDescriptor.prepare(TestMethodTestDescriptor.java:69) ~[junit-jupiter-engine-5.10.3.jar:5.10.3]
	at org.junit.platform.engine.support.hierarchical.NodeTestTask.lambda$prepare$2(NodeTestTask.java:123) ~[junit-platform-engine-1.10.3.jar:1.10.3]
	at org.junit.platform.engine.support.hierarchical.ThrowableCollector.execute(ThrowableCollector.java:73) ~[junit-platform-engine-1.10.3.jar:1.10.3]
	at org.junit.platform.engine.support.hierarchical.NodeTestTask.prepare(NodeTestTask.java:123) ~[junit-platform-engine-1.10.3.jar:1.10.3]
	at org.junit.platform.engine.support.hierarchical.NodeTestTask.execute(NodeTestTask.java:90) ~[junit-platform-engine-1.10.3.jar:1.10.3]
	at java.base/java.util.ArrayList.forEach(ArrayList.java:1511) ~[na:na]
	at org.junit.platform.engine.support.hierarchical.SameThreadHierarchicalTestExecutorService.invokeAll(SameThreadHierarchicalTestExecutorService.java:41) ~[junit-platform-engine-1.10.3.jar:1.10.3]
	at org.junit.platform.engine.support.hierarchical.NodeTestTask.lambda$executeRecursively$6(NodeTestTask.java:155) ~[junit-platform-engine-1.10.3.jar:1.10.3]
	at org.junit.platform.engine.support.hierarchical.ThrowableCollector.execute(ThrowableCollector.java:73) ~[junit-platform-engine-1.10.3.jar:1.10.3]
	at org.junit.platform.engine.support.hierarchical.NodeTestTask.lambda$executeRecursively$8(NodeTestTask.java:141) ~[junit-platform-engine-1.10.3.jar:1.10.3]
	at org.junit.platform.engine.support.hierarchical.Node.around(Node.java:137) ~[junit-platform-engine-1.10.3.jar:1.10.3]
	at org.junit.platform.engine.support.hierarchical.NodeTestTask.lambda$executeRecursively$9(NodeTestTask.java:139) ~[junit-platform-engine-1.10.3.jar:1.10.3]
	at org.junit.platform.engine.support.hierarchical.ThrowableCollector.execute(ThrowableCollector.java:73) ~[junit-platform-engine-1.10.3.jar:1.10.3]
	at org.junit.platform.engine.support.hierarchical.NodeTestTask.executeRecursively(NodeTestTask.java:138) ~[junit-platform-engine-1.10.3.jar:1.10.3]
	at org.junit.platform.engine.support.hierarchical.NodeTestTask.execute(NodeTestTask.java:95) ~[junit-platform-engine-1.10.3.jar:1.10.3]
	at java.base/java.util.ArrayList.forEach(ArrayList.java:1511) ~[na:na]
	at org.junit.platform.engine.support.hierarchical.SameThreadHierarchicalTestExecutorService.invokeAll(SameThreadHierarchicalTestExecutorService.java:41) ~[junit-platform-engine-1.10.3.jar:1.10.3]
	at org.junit.platform.engine.support.hierarchical.NodeTestTask.lambda$executeRecursively$6(NodeTestTask.java:155) ~[junit-platform-engine-1.10.3.jar:1.10.3]
	at org.junit.platform.engine.support.hierarchical.ThrowableCollector.execute(ThrowableCollector.java:73) ~[junit-platform-engine-1.10.3.jar:1.10.3]
	at org.junit.platform.engine.support.hierarchical.NodeTestTask.lambda$executeRecursively$8(NodeTestTask.java:141) ~[junit-platform-engine-1.10.3.jar:1.10.3]
	at org.junit.platform.engine.support.hierarchical.Node.around(Node.java:137) ~[junit-platform-engine-1.10.3.jar:1.10.3]
	at org.junit.platform.engine.support.hierarchical.NodeTestTask.lambda$executeRecursively$9(NodeTestTask.java:139) ~[junit-platform-engine-1.10.3.jar:1.10.3]
	at org.junit.platform.engine.support.hierarchical.ThrowableCollector.execute(ThrowableCollector.java:73) ~[junit-platform-engine-1.10.3.jar:1.10.3]
	at org.junit.platform.engine.support.hierarchical.NodeTestTask.executeRecursively(NodeTestTask.java:138) ~[junit-platform-engine-1.10.3.jar:1.10.3]
	at org.junit.platform.engine.support.hierarchical.NodeTestTask.execute(NodeTestTask.java:95) ~[junit-platform-engine-1.10.3.jar:1.10.3]
	at org.junit.platform.engine.support.hierarchical.SameThreadHierarchicalTestExecutorService.submit(SameThreadHierarchicalTestExecutorService.java:35) ~[junit-platform-engine-1.10.3.jar:1.10.3]
	at org.junit.platform.engine.support.hierarchical.HierarchicalTestExecutor.execute(HierarchicalTestExecutor.java:57) ~[junit-platform-engine-1.10.3.jar:1.10.3]
	at org.junit.platform.engine.support.hierarchical.HierarchicalTestEngine.execute(HierarchicalTestEngine.java:54) ~[junit-platform-engine-1.10.3.jar:1.10.3]
	at org.junit.platform.launcher.core.EngineExecutionOrchestrator.execute(EngineExecutionOrchestrator.java:198) ~[junit-platform-launcher-1.10.3.jar:1.10.3]
	at org.junit.platform.launcher.core.EngineExecutionOrchestrator.execute(EngineExecutionOrchestrator.java:169) ~[junit-platform-launcher-1.10.3.jar:1.10.3]
	at org.junit.platform.launcher.core.EngineExecutionOrchestrator.execute(EngineExecutionOrchestrator.java:93) ~[junit-platform-launcher-1.10.3.jar:1.10.3]
	at org.junit.platform.launcher.core.EngineExecutionOrchestrator.lambda$execute$0(EngineExecutionOrchestrator.java:58) ~[junit-platform-launcher-1.10.3.jar:1.10.3]
	at org.junit.platform.launcher.core.EngineExecutionOrchestrator.withInterceptedStreams(EngineExecutionOrchestrator.java:141) ~[junit-platform-launcher-1.10.3.jar:1.10.3]
	at org.junit.platform.launcher.core.EngineExecutionOrchestrator.execute(EngineExecutionOrchestrator.java:57) ~[junit-platform-launcher-1.10.3.jar:1.10.3]
	at org.junit.platform.launcher.core.DefaultLauncher.execute(DefaultLauncher.java:103) ~[junit-platform-launcher-1.10.3.jar:1.10.3]
	at org.junit.platform.launcher.core.DefaultLauncher.execute(DefaultLauncher.java:85) ~[junit-platform-launcher-1.10.3.jar:1.10.3]
	at org.junit.platform.launcher.core.DelegatingLauncher.execute(DelegatingLauncher.java:47) ~[junit-platform-launcher-1.10.3.jar:1.10.3]
	at org.apache.maven.surefire.junitplatform.LazyLauncher.execute(LazyLauncher.java:56) ~[surefire-junit-platform-3.2.5.jar:3.2.5]
	at org.apache.maven.surefire.junitplatform.JUnitPlatformProvider.execute(JUnitPlatformProvider.java:184) ~[surefire-junit-platform-3.2.5.jar:3.2.5]
	at org.apache.maven.surefire.junitplatform.JUnitPlatformProvider.invokeAllTests(JUnitPlatformProvider.java:148) ~[surefire-junit-platform-3.2.5.jar:3.2.5]
	at org.apache.maven.surefire.junitplatform.JUnitPlatformProvider.invoke(JUnitPlatformProvider.java:122) ~[surefire-junit-platform-3.2.5.jar:3.2.5]
	at org.apache.maven.surefire.booter.ForkedBooter.runSuitesInProcess(ForkedBooter.java:385) ~[surefire-booter-3.2.5.jar:3.2.5]
	at org.apache.maven.surefire.booter.ForkedBooter.execute(ForkedBooter.java:162) ~[surefire-booter-3.2.5.jar:3.2.5]
	at org.apache.maven.surefire.booter.ForkedBooter.run(ForkedBooter.java:507) ~[surefire-booter-3.2.5.jar:3.2.5]
	at org.apache.maven.surefire.booter.ForkedBooter.main(ForkedBooter.java:495) ~[surefire-booter-3.2.5.jar:3.2.5]

2024-08-26T13:23:32.918+02:00  WARN 10764 --- [web-shop] [           main] JpaBaseConfiguration$JpaWebConfiguration : spring.jpa.open-in-view is enabled by default. Therefore, database queries may be performed during view rendering. Explicitly configure spring.jpa.open-in-view to disable this warning
2024-08-26T13:23:32.961+02:00  INFO 10764 --- [web-shop] [           main] r$InitializeUserDetailsManagerConfigurer : Global AuthenticationManager configured with UserDetailsService bean with name customUserDetailsService
2024-08-26T13:23:33.146+02:00  INFO 10764 --- [web-shop] [           main] o.s.b.a.w.s.WelcomePageHandlerMapping    : Adding welcome page template: index
2024-08-26T13:23:33.761+02:00 DEBUG 10764 --- [web-shop] [           main] .h.v.m.ResourceBundleMessageInterpolator : Loaded expression factory via original TCCL
2024-08-26T13:23:33.763+02:00 DEBUG 10764 --- [web-shop] [           main] o.h.v.i.e.AbstractConfigurationImpl      : Setting custom MessageInterpolator of type org.springframework.validation.beanvalidation.LocaleContextMessageInterpolator
2024-08-26T13:23:33.764+02:00 DEBUG 10764 --- [web-shop] [           main] o.h.v.i.e.AbstractConfigurationImpl      : Setting custom ConstraintValidatorFactory of type org.springframework.validation.beanvalidation.SpringConstraintValidatorFactory
2024-08-26T13:23:33.766+02:00 DEBUG 10764 --- [web-shop] [           main] o.h.v.i.xml.config.ValidationXmlParser   : Trying to load META-INF/validation.xml for XML based Validator configuration.
2024-08-26T13:23:33.766+02:00 DEBUG 10764 --- [web-shop] [           main] o.h.v.i.xml.config.ResourceLoaderHelper  : Trying to load META-INF/validation.xml via user class loader
2024-08-26T13:23:33.766+02:00 DEBUG 10764 --- [web-shop] [           main] o.h.v.i.xml.config.ResourceLoaderHelper  : Trying to load META-INF/validation.xml via TCCL
2024-08-26T13:23:33.766+02:00 DEBUG 10764 --- [web-shop] [           main] o.h.v.i.xml.config.ResourceLoaderHelper  : Trying to load META-INF/validation.xml via Hibernate Validator's class loader
2024-08-26T13:23:33.767+02:00 DEBUG 10764 --- [web-shop] [           main] o.h.v.i.xml.config.ValidationXmlParser   : No META-INF/validation.xml found. Using annotation based configuration only.
2024-08-26T13:23:33.767+02:00 DEBUG 10764 --- [web-shop] [           main] o.h.v.i.e.resolver.TraversableResolvers  : Found jakarta.persistence.Persistence on classpath containing 'getPersistenceUtil'. Assuming JPA 2 environment. Trying to instantiate JPA aware TraversableResolver
2024-08-26T13:23:33.767+02:00 DEBUG 10764 --- [web-shop] [           main] o.h.v.i.e.resolver.TraversableResolvers  : Instantiated JPA aware TraversableResolver of type org.hibernate.validator.internal.engine.resolver.JPATraversableResolver.
2024-08-26T13:23:33.768+02:00 DEBUG 10764 --- [web-shop] [           main] .i.e.ValidatorFactoryConfigurationHelper : HV000252: Using org.hibernate.validator.internal.engine.DefaultPropertyNodeNameProvider as property node name provider.
2024-08-26T13:23:33.769+02:00 DEBUG 10764 --- [web-shop] [           main] .i.e.ValidatorFactoryConfigurationHelper : HV000234: Using org.springframework.validation.beanvalidation.LocaleContextMessageInterpolator as ValidatorFactory-scoped message interpolator.
2024-08-26T13:23:33.769+02:00 DEBUG 10764 --- [web-shop] [           main] .i.e.ValidatorFactoryConfigurationHelper : HV000234: Using org.hibernate.validator.internal.engine.resolver.JPATraversableResolver as ValidatorFactory-scoped traversable resolver.
2024-08-26T13:23:33.769+02:00 DEBUG 10764 --- [web-shop] [           main] .i.e.ValidatorFactoryConfigurationHelper : HV000234: Using org.hibernate.validator.internal.util.ExecutableParameterNameProvider as ValidatorFactory-scoped parameter name provider.
2024-08-26T13:23:33.769+02:00 DEBUG 10764 --- [web-shop] [           main] .i.e.ValidatorFactoryConfigurationHelper : HV000234: Using org.hibernate.validator.internal.engine.DefaultClockProvider as ValidatorFactory-scoped clock provider.
2024-08-26T13:23:33.769+02:00 DEBUG 10764 --- [web-shop] [           main] .i.e.ValidatorFactoryConfigurationHelper : HV000234: Using org.hibernate.validator.internal.engine.scripting.DefaultScriptEvaluatorFactory as ValidatorFactory-scoped script evaluator factory.
2024-08-26T13:23:34.164+02:00  INFO 10764 --- [web-shop] [           main] c.webshop.main.WebShopApplicationTests   : Started WebShopApplicationTests in 10.402 seconds (process running for 12.578)
]]></system-out>
  </testcase>
</testsuite>